mode: set
github.com/ultravioletrs/cocos/pkg/attestation/attestation.go:82.32,90.27 2 1
github.com/ultravioletrs/cocos/pkg/attestation/attestation.go:90.27,91.20 1 1
github.com/ultravioletrs/cocos/pkg/attestation/attestation.go:91.20,93.4 1 0
github.com/ultravioletrs/cocos/pkg/attestation/attestation.go:95.2,95.13 1 1
github.com/ultravioletrs/cocos/pkg/attestation/attestation.go:98.37,100.16 2 1
github.com/ultravioletrs/cocos/pkg/attestation/attestation.go:100.16,102.3 1 1
github.com/ultravioletrs/cocos/pkg/attestation/attestation.go:103.2,105.13 2 0
github.com/ultravioletrs/cocos/pkg/attestation/attestation.go:108.35,110.2 1 1
github.com/ultravioletrs/cocos/pkg/attestation/attestation.go:112.24,114.16 2 1
github.com/ultravioletrs/cocos/pkg/attestation/attestation.go:114.16,116.3 1 1
github.com/ultravioletrs/cocos/pkg/attestation/attestation.go:117.2,119.13 2 0
github.com/ultravioletrs/cocos/pkg/attestation/attestation.go:122.23,123.19 1 1
github.com/ultravioletrs/cocos/pkg/attestation/attestation.go:123.19,125.3 1 1
github.com/ultravioletrs/cocos/pkg/attestation/attestation.go:127.2,134.16 6 0
github.com/ultravioletrs/cocos/pkg/attestation/attestation.go:134.16,136.3 1 0
github.com/ultravioletrs/cocos/pkg/attestation/attestation.go:137.2,139.38 2 0
github.com/ultravioletrs/cocos/pkg/attestation/attestation.go:139.38,141.17 2 0
github.com/ultravioletrs/cocos/pkg/attestation/attestation.go:141.17,143.4 1 0
github.com/ultravioletrs/cocos/pkg/attestation/attestation.go:145.3,145.23 1 0
github.com/ultravioletrs/cocos/pkg/attestation/attestation.go:148.2,148.14 1 0
github.com/ultravioletrs/cocos/pkg/attestation/attestation.go:151.34,153.16 2 1
github.com/ultravioletrs/cocos/pkg/attestation/attestation.go:153.16,155.3 1 1
github.com/ultravioletrs/cocos/pkg/attestation/attestation.go:156.2,158.13 2 0
github.com/ultravioletrs/cocos/pkg/attestation/emptyprovider.go:16.88,19.2 1 1
github.com/ultravioletrs/cocos/pkg/attestation/emptyprovider.go:21.73,25.2 1 1
github.com/ultravioletrs/cocos/pkg/attestation/emptyprovider.go:27.75,29.2 1 1
github.com/ultravioletrs/cocos/pkg/attestation/emptyprovider.go:31.77,33.2 1 1
github.com/ultravioletrs/cocos/pkg/attestation/eat/cbor_encoder.go:23.79,28.2 1 1
github.com/ultravioletrs/cocos/pkg/attestation/eat/cbor_encoder.go:31.65,40.16 6 1
github.com/ultravioletrs/cocos/pkg/attestation/eat/cbor_encoder.go:40.16,42.3 1 0
github.com/ultravioletrs/cocos/pkg/attestation/eat/cbor_encoder.go:45.2,52.16 6 1
github.com/ultravioletrs/cocos/pkg/attestation/eat/cbor_encoder.go:52.16,54.3 1 0
github.com/ultravioletrs/cocos/pkg/attestation/eat/cbor_encoder.go:57.2,57.59 1 1
github.com/ultravioletrs/cocos/pkg/attestation/eat/cbor_encoder.go:57.59,59.3 1 0
github.com/ultravioletrs/cocos/pkg/attestation/eat/cbor_encoder.go:62.2,63.16 2 1
github.com/ultravioletrs/cocos/pkg/attestation/eat/cbor_encoder.go:63.16,65.3 1 0
github.com/ultravioletrs/cocos/pkg/attestation/eat/cbor_encoder.go:67.2,67.20 1 1
github.com/ultravioletrs/cocos/pkg/attestation/eat/cbor_encoder.go:71.99,74.2 2 1
github.com/ultravioletrs/cocos/pkg/attestation/eat/decoder.go:23.54,27.2 1 1
github.com/ultravioletrs/cocos/pkg/attestation/eat/decoder.go:30.60,32.18 1 1
github.com/ultravioletrs/cocos/pkg/attestation/eat/decoder.go:32.18,34.3 1 1
github.com/ultravioletrs/cocos/pkg/attestation/eat/decoder.go:35.2,35.28 1 1
github.com/ultravioletrs/cocos/pkg/attestation/eat/decoder.go:39.31,41.21 1 1
github.com/ultravioletrs/cocos/pkg/attestation/eat/decoder.go:41.21,43.3 1 1
github.com/ultravioletrs/cocos/pkg/attestation/eat/decoder.go:44.2,44.88 1 1
github.com/ultravioletrs/cocos/pkg/attestation/eat/decoder.go:48.69,54.24 4 1
github.com/ultravioletrs/cocos/pkg/attestation/eat/decoder.go:54.24,56.3 1 0
github.com/ultravioletrs/cocos/pkg/attestation/eat/decoder.go:56.8,58.101 1 1
github.com/ultravioletrs/cocos/pkg/attestation/eat/decoder.go:58.101,60.60 1 1
github.com/ultravioletrs/cocos/pkg/attestation/eat/decoder.go:60.60,62.5 1 0
github.com/ultravioletrs/cocos/pkg/attestation/eat/decoder.go:63.4,63.27 1 1
github.com/ultravioletrs/cocos/pkg/attestation/eat/decoder.go:66.2,66.16 1 1
github.com/ultravioletrs/cocos/pkg/attestation/eat/decoder.go:66.16,68.3 1 1
github.com/ultravioletrs/cocos/pkg/attestation/eat/decoder.go:70.2,70.18 1 1
github.com/ultravioletrs/cocos/pkg/attestation/eat/decoder.go:70.18,72.3 1 0
github.com/ultravioletrs/cocos/pkg/attestation/eat/decoder.go:74.2,74.30 1 1
github.com/ultravioletrs/cocos/pkg/attestation/eat/decoder.go:78.64,81.49 2 1
github.com/ultravioletrs/cocos/pkg/attestation/eat/decoder.go:81.49,84.55 2 1
github.com/ultravioletrs/cocos/pkg/attestation/eat/decoder.go:84.55,86.4 1 1
github.com/ultravioletrs/cocos/pkg/attestation/eat/decoder.go:87.3,87.21 1 1
github.com/ultravioletrs/cocos/pkg/attestation/eat/decoder.go:91.2,91.24 1 1
github.com/ultravioletrs/cocos/pkg/attestation/eat/decoder.go:91.24,93.17 2 1
github.com/ultravioletrs/cocos/pkg/attestation/eat/decoder.go:93.17,95.4 1 0
github.com/ultravioletrs/cocos/pkg/attestation/eat/decoder.go:97.3,97.51 1 1
github.com/ultravioletrs/cocos/pkg/attestation/eat/decoder.go:97.51,99.4 1 1
github.com/ultravioletrs/cocos/pkg/attestation/eat/decoder.go:103.2,104.60 2 1
github.com/ultravioletrs/cocos/pkg/attestation/eat/decoder.go:104.60,106.3 1 0
github.com/ultravioletrs/cocos/pkg/attestation/eat/decoder.go:108.2,108.20 1 1
github.com/ultravioletrs/cocos/pkg/attestation/eat/decoder.go:112.84,115.2 2 1
github.com/ultravioletrs/cocos/pkg/attestation/eat/decoder.go:118.79,121.2 2 1
github.com/ultravioletrs/cocos/pkg/attestation/eat/decoder.go:124.75,127.2 2 1
github.com/ultravioletrs/cocos/pkg/attestation/eat/decoder.go:130.51,143.2 2 1
github.com/ultravioletrs/cocos/pkg/attestation/eat/eat.go:115.107,116.33 1 1
github.com/ultravioletrs/cocos/pkg/attestation/eat/eat.go:116.33,118.3 1 1
github.com/ultravioletrs/cocos/pkg/attestation/eat/eat.go:119.2,128.76 2 1
github.com/ultravioletrs/cocos/pkg/attestation/eat/eat.go:128.76,130.3 1 0
github.com/ultravioletrs/cocos/pkg/attestation/eat/eat.go:132.2,132.20 1 1
github.com/ultravioletrs/cocos/pkg/attestation/eat/eat.go:136.107,137.22 1 1
github.com/ultravioletrs/cocos/pkg/attestation/eat/eat.go:138.44,139.42 1 0
github.com/ultravioletrs/cocos/pkg/attestation/eat/eat.go:140.23,141.42 1 0
github.com/ultravioletrs/cocos/pkg/attestation/eat/eat.go:142.24,143.43 1 0
github.com/ultravioletrs/cocos/pkg/attestation/eat/eat.go:144.25,145.44 1 0
github.com/ultravioletrs/cocos/pkg/attestation/eat/eat.go:146.10,148.13 1 1
github.com/ultravioletrs/cocos/pkg/attestation/eat/eat.go:153.72,154.22 1 1
github.com/ultravioletrs/cocos/pkg/attestation/eat/eat.go:155.23,156.15 1 1
github.com/ultravioletrs/cocos/pkg/attestation/eat/eat.go:157.23,158.15 1 1
github.com/ultravioletrs/cocos/pkg/attestation/eat/eat.go:159.24,160.16 1 1
github.com/ultravioletrs/cocos/pkg/attestation/eat/eat.go:161.27,162.20 1 1
github.com/ultravioletrs/cocos/pkg/attestation/eat/eat.go:163.25,164.17 1 1
github.com/ultravioletrs/cocos/pkg/attestation/eat/eat.go:165.24,166.16 1 1
github.com/ultravioletrs/cocos/pkg/attestation/eat/eat.go:167.10,168.19 1 1
github.com/ultravioletrs/cocos/pkg/attestation/eat/eat.go:175.32,176.18 1 1
github.com/ultravioletrs/cocos/pkg/attestation/eat/eat.go:176.18,179.3 2 1
github.com/ultravioletrs/cocos/pkg/attestation/eat/eat.go:180.2,180.25 1 1
github.com/ultravioletrs/cocos/pkg/attestation/eat/eat.go:180.25,182.3 1 1
github.com/ultravioletrs/cocos/pkg/attestation/eat/eat.go:183.2,183.20 1 1
github.com/ultravioletrs/cocos/pkg/attestation/eat/eat.go:183.20,185.3 1 1
github.com/ultravioletrs/cocos/pkg/attestation/eat/extractor.go:23.63,24.39 1 1
github.com/ultravioletrs/cocos/pkg/attestation/eat/extractor.go:24.39,26.3 1 1
github.com/ultravioletrs/cocos/pkg/attestation/eat/extractor.go:29.2,30.16 2 1
github.com/ultravioletrs/cocos/pkg/attestation/eat/extractor.go:30.16,32.3 1 0
github.com/ultravioletrs/cocos/pkg/attestation/eat/extractor.go:35.2,62.12 12 1
github.com/ultravioletrs/cocos/pkg/attestation/eat/extractor.go:66.63,69.16 2 1
github.com/ultravioletrs/cocos/pkg/attestation/eat/extractor.go:69.16,71.3 1 1
github.com/ultravioletrs/cocos/pkg/attestation/eat/extractor.go:73.2,74.9 2 0
github.com/ultravioletrs/cocos/pkg/attestation/eat/extractor.go:74.9,76.3 1 0
github.com/ultravioletrs/cocos/pkg/attestation/eat/extractor.go:78.2,83.20 5 0
github.com/ultravioletrs/cocos/pkg/attestation/eat/extractor.go:83.20,85.3 1 0
github.com/ultravioletrs/cocos/pkg/attestation/eat/extractor.go:86.2,86.20 1 0
github.com/ultravioletrs/cocos/pkg/attestation/eat/extractor.go:86.20,88.3 1 0
github.com/ultravioletrs/cocos/pkg/attestation/eat/extractor.go:89.2,89.20 1 0
github.com/ultravioletrs/cocos/pkg/attestation/eat/extractor.go:89.20,91.3 1 0
github.com/ultravioletrs/cocos/pkg/attestation/eat/extractor.go:92.2,92.20 1 0
github.com/ultravioletrs/cocos/pkg/attestation/eat/extractor.go:92.20,94.3 1 0
github.com/ultravioletrs/cocos/pkg/attestation/eat/extractor.go:96.2,114.36 3 0
github.com/ultravioletrs/cocos/pkg/attestation/eat/extractor.go:114.36,116.3 1 0
github.com/ultravioletrs/cocos/pkg/attestation/eat/extractor.go:117.2,122.12 3 0
github.com/ultravioletrs/cocos/pkg/attestation/eat/extractor.go:126.64,139.2 4 1
github.com/ultravioletrs/cocos/pkg/attestation/eat/extractor.go:142.65,150.2 4 1
github.com/ultravioletrs/cocos/pkg/attestation/eat/jwt_encoder.go:23.77,28.2 1 1
github.com/ultravioletrs/cocos/pkg/attestation/eat/jwt_encoder.go:31.64,43.16 7 1
github.com/ultravioletrs/cocos/pkg/attestation/eat/jwt_encoder.go:43.16,45.3 1 0
github.com/ultravioletrs/cocos/pkg/attestation/eat/jwt_encoder.go:47.2,47.25 1 1
github.com/ultravioletrs/cocos/pkg/attestation/eat/jwt_encoder.go:56.67,57.22 1 1
github.com/ultravioletrs/cocos/pkg/attestation/eat/jwt_encoder.go:57.22,59.3 1 1
github.com/ultravioletrs/cocos/pkg/attestation/eat/jwt_encoder.go:60.2,60.59 1 1
github.com/ultravioletrs/cocos/pkg/attestation/eat/jwt_encoder.go:64.61,65.21 1 1
github.com/ultravioletrs/cocos/pkg/attestation/eat/jwt_encoder.go:65.21,67.3 1 1
github.com/ultravioletrs/cocos/pkg/attestation/eat/jwt_encoder.go:68.2,68.58 1 1
github.com/ultravioletrs/cocos/pkg/attestation/eat/jwt_encoder.go:72.62,74.2 1 1
github.com/ultravioletrs/cocos/pkg/attestation/eat/jwt_encoder.go:77.49,79.2 1 1
github.com/ultravioletrs/cocos/pkg/attestation/eat/jwt_encoder.go:82.50,84.2 1 1
github.com/ultravioletrs/cocos/pkg/attestation/eat/jwt_encoder.go:87.61,89.2 1 1
github.com/ultravioletrs/cocos/pkg/attestation/eat/jwt_encoder.go:92.98,95.2 2 1
github.com/ultravioletrs/cocos/pkg/attestation/eat/jwt_encoder.go:98.54,100.2 1 1
github.com/ultravioletrs/cocos/pkg/attestation/eat/validator.go:12.78,13.19 1 1
github.com/ultravioletrs/cocos/pkg/attestation/eat/validator.go:13.19,15.3 1 1
github.com/ultravioletrs/cocos/pkg/attestation/eat/validator.go:18.2,21.53 2 1
github.com/ultravioletrs/cocos/pkg/attestation/eat/validator.go:21.53,22.24 1 1
github.com/ultravioletrs/cocos/pkg/attestation/eat/validator.go:23.20,24.30 1 1
github.com/ultravioletrs/cocos/pkg/attestation/eat/validator.go:24.30,26.5 1 1
github.com/ultravioletrs/cocos/pkg/attestation/eat/validator.go:27.23,28.37 1 1
github.com/ultravioletrs/cocos/pkg/attestation/eat/validator.go:28.37,30.5 1 1
github.com/ultravioletrs/cocos/pkg/attestation/eat/validator.go:31.24,32.33 1 1
github.com/ultravioletrs/cocos/pkg/attestation/eat/validator.go:32.33,34.5 1 1
github.com/ultravioletrs/cocos/pkg/attestation/eat/validator.go:35.15,36.29 1 1
github.com/ultravioletrs/cocos/pkg/attestation/eat/validator.go:36.29,38.5 1 1
github.com/ultravioletrs/cocos/pkg/attestation/eat/validator.go:43.2,43.58 1 1
github.com/ultravioletrs/cocos/pkg/attestation/eat/validator.go:43.58,45.62 2 1
github.com/ultravioletrs/cocos/pkg/attestation/eat/validator.go:45.62,47.4 1 1
github.com/ultravioletrs/cocos/pkg/attestation/eat/validator.go:51.2,51.26 1 1
github.com/ultravioletrs/cocos/pkg/attestation/eat/validator.go:51.26,52.43 1 1
github.com/ultravioletrs/cocos/pkg/attestation/eat/validator.go:52.43,54.4 1 1
github.com/ultravioletrs/cocos/pkg/attestation/eat/validator.go:57.2,57.12 1 1
github.com/ultravioletrs/cocos/pkg/attestation/cmdconfig/cmdconfig.go:26.91,27.19 1 1
github.com/ultravioletrs/cocos/pkg/attestation/cmdconfig/cmdconfig.go:27.19,29.3 1 1
github.com/ultravioletrs/cocos/pkg/attestation/cmdconfig/cmdconfig.go:31.2,36.8 1 1
github.com/ultravioletrs/cocos/pkg/attestation/cmdconfig/cmdconfig.go:39.60,50.34 9 1
github.com/ultravioletrs/cocos/pkg/attestation/cmdconfig/cmdconfig.go:50.34,52.3 1 1
github.com/ultravioletrs/cocos/pkg/attestation/cmdconfig/cmdconfig.go:54.2,54.28 1 1
github.com/ultravioletrs/cocos/pkg/attestation/cmdconfig/cmdconfig.go:57.34,58.42 1 0
github.com/ultravioletrs/cocos/pkg/attestation/cmdconfig/cmdconfig.go:58.42,60.3 1 0
github.com/ultravioletrs/cocos/pkg/attestation/cmdconfig/cmdconfig.go:62.2,62.45 1 0
github.com/ultravioletrs/cocos/pkg/attestation/cmdconfig/cmdconfig.go:62.45,64.3 1 0
github.com/ultravioletrs/cocos/pkg/attestation/cmdconfig/cmdconfig.go:66.2,66.12 1 0
github.com/ultravioletrs/cocos/pkg/attestation/cmdconfig/cmdconfig.go:70.88,72.2 1 1
github.com/ultravioletrs/cocos/pkg/attestation/ccaa/provider.go:24.50,26.16 2 0
github.com/ultravioletrs/cocos/pkg/attestation/ccaa/provider.go:26.16,28.3 1 0
github.com/ultravioletrs/cocos/pkg/attestation/ccaa/provider.go:30.2,37.16 5 0
github.com/ultravioletrs/cocos/pkg/attestation/ccaa/provider.go:37.16,40.3 2 0
github.com/ultravioletrs/cocos/pkg/attestation/ccaa/provider.go:42.2,46.8 1 0
github.com/ultravioletrs/cocos/pkg/attestation/ccaa/provider.go:50.34,51.19 1 1
github.com/ultravioletrs/cocos/pkg/attestation/ccaa/provider.go:51.19,53.3 1 0
github.com/ultravioletrs/cocos/pkg/attestation/ccaa/provider.go:54.2,54.12 1 1
github.com/ultravioletrs/cocos/pkg/attestation/ccaa/provider.go:59.70,66.16 4 1
github.com/ultravioletrs/cocos/pkg/attestation/ccaa/provider.go:66.16,68.3 1 1
github.com/ultravioletrs/cocos/pkg/attestation/ccaa/provider.go:70.2,70.27 1 1
github.com/ultravioletrs/cocos/pkg/attestation/ccaa/provider.go:75.66,82.16 4 1
github.com/ultravioletrs/cocos/pkg/attestation/ccaa/provider.go:82.16,84.3 1 1
github.com/ultravioletrs/cocos/pkg/attestation/ccaa/provider.go:86.2,86.27 1 1
github.com/ultravioletrs/cocos/pkg/attestation/ccaa/provider.go:91.81,101.16 5 1
github.com/ultravioletrs/cocos/pkg/attestation/ccaa/provider.go:101.16,103.3 1 0
github.com/ultravioletrs/cocos/pkg/attestation/ccaa/provider.go:105.2,105.27 1 1
github.com/ultravioletrs/cocos/pkg/attestation/ccaa/provider.go:111.72,119.16 4 1
github.com/ultravioletrs/cocos/pkg/attestation/ccaa/provider.go:119.16,124.25 2 1
github.com/ultravioletrs/cocos/pkg/attestation/ccaa/provider.go:124.25,126.4 1 1
github.com/ultravioletrs/cocos/pkg/attestation/ccaa/provider.go:127.3,127.36 1 1
github.com/ultravioletrs/cocos/pkg/attestation/ccaa/provider.go:130.2,130.24 1 1
github.com/ultravioletrs/cocos/pkg/attestation/azure/azure.go:17.96,24.2 1 1
github.com/ultravioletrs/cocos/pkg/attestation/azure/azure.go:26.50,31.2 4 1
github.com/ultravioletrs/cocos/pkg/attestation/azure/azure.go:33.70,34.17 1 1
github.com/ultravioletrs/cocos/pkg/attestation/azure/azure.go:34.17,36.3 1 1
github.com/ultravioletrs/cocos/pkg/attestation/azure/azure.go:37.2,37.18 1 1
github.com/ultravioletrs/cocos/pkg/attestation/azure/azure.go:37.18,39.3 1 1
github.com/ultravioletrs/cocos/pkg/attestation/azure/azure.go:40.2,40.20 1 1
github.com/ultravioletrs/cocos/pkg/attestation/azure/azure.go:40.20,42.3 1 1
github.com/ultravioletrs/cocos/pkg/attestation/azure/snp.go:40.41,42.2 1 1
github.com/ultravioletrs/cocos/pkg/attestation/azure/snp.go:44.82,49.16 4 1
github.com/ultravioletrs/cocos/pkg/attestation/azure/snp.go:49.16,51.3 1 1
github.com/ultravioletrs/cocos/pkg/attestation/azure/snp.go:53.2,54.16 2 0
github.com/ultravioletrs/cocos/pkg/attestation/azure/snp.go:54.16,56.3 1 0
github.com/ultravioletrs/cocos/pkg/attestation/azure/snp.go:58.2,59.16 2 0
github.com/ultravioletrs/cocos/pkg/attestation/azure/snp.go:59.16,61.3 1 0
github.com/ultravioletrs/cocos/pkg/attestation/azure/snp.go:63.2,66.29 2 0
github.com/ultravioletrs/cocos/pkg/attestation/azure/snp.go:69.67,74.16 4 1
github.com/ultravioletrs/cocos/pkg/attestation/azure/snp.go:74.16,76.3 1 1
github.com/ultravioletrs/cocos/pkg/attestation/azure/snp.go:78.2,78.30 1 0
github.com/ultravioletrs/cocos/pkg/attestation/azure/snp.go:81.69,83.16 2 1
github.com/ultravioletrs/cocos/pkg/attestation/azure/snp.go:83.16,85.3 1 1
github.com/ultravioletrs/cocos/pkg/attestation/azure/snp.go:87.2,87.29 1 0
github.com/ultravioletrs/cocos/pkg/attestation/azure/snp.go:90.76,92.16 2 1
github.com/ultravioletrs/cocos/pkg/attestation/azure/snp.go:92.16,94.3 1 1
github.com/ultravioletrs/cocos/pkg/attestation/azure/snp.go:96.2,96.19 1 0
github.com/ultravioletrs/cocos/pkg/attestation/azure/snp.go:104.57,114.2 2 1
github.com/ultravioletrs/cocos/pkg/attestation/azure/snp.go:116.95,117.19 1 1
github.com/ultravioletrs/cocos/pkg/attestation/azure/snp.go:117.19,119.3 1 1
github.com/ultravioletrs/cocos/pkg/attestation/azure/snp.go:120.2,123.3 1 1
github.com/ultravioletrs/cocos/pkg/attestation/azure/snp.go:126.77,128.16 2 1
github.com/ultravioletrs/cocos/pkg/attestation/azure/snp.go:128.16,130.3 1 1
github.com/ultravioletrs/cocos/pkg/attestation/azure/snp.go:132.2,132.82 1 0
github.com/ultravioletrs/cocos/pkg/attestation/azure/snp.go:135.79,137.2 1 0
github.com/ultravioletrs/cocos/pkg/attestation/azure/snp.go:139.93,145.16 5 1
github.com/ultravioletrs/cocos/pkg/attestation/azure/snp.go:145.16,147.3 1 0
github.com/ultravioletrs/cocos/pkg/attestation/azure/snp.go:149.2,150.84 2 1
github.com/ultravioletrs/cocos/pkg/attestation/azure/snp.go:150.84,152.3 1 1
github.com/ultravioletrs/cocos/pkg/attestation/azure/snp.go:154.2,154.12 1 0
github.com/ultravioletrs/cocos/pkg/attestation/azure/snp.go:158.87,161.16 2 1
github.com/ultravioletrs/cocos/pkg/attestation/azure/snp.go:161.16,163.3 1 1
github.com/ultravioletrs/cocos/pkg/attestation/azure/snp.go:166.2,166.67 1 0
github.com/ultravioletrs/cocos/pkg/attestation/azure/snp.go:169.51,171.2 1 0
github.com/ultravioletrs/cocos/pkg/attestation/azure/snp.go:173.99,175.16 2 1
github.com/ultravioletrs/cocos/pkg/attestation/azure/snp.go:175.16,177.3 1 1
github.com/ultravioletrs/cocos/pkg/attestation/azure/snp.go:179.2,180.9 2 1
github.com/ultravioletrs/cocos/pkg/attestation/azure/snp.go:180.9,182.3 1 0
github.com/ultravioletrs/cocos/pkg/attestation/azure/snp.go:184.2,185.9 2 1
github.com/ultravioletrs/cocos/pkg/attestation/azure/snp.go:185.9,187.3 1 1
github.com/ultravioletrs/cocos/pkg/attestation/azure/snp.go:189.2,190.16 2 1
github.com/ultravioletrs/cocos/pkg/attestation/azure/snp.go:190.16,192.3 1 0
github.com/ultravioletrs/cocos/pkg/attestation/azure/snp.go:194.2,195.9 2 1
github.com/ultravioletrs/cocos/pkg/attestation/azure/snp.go:195.9,197.3 1 0
github.com/ultravioletrs/cocos/pkg/attestation/azure/snp.go:198.2,199.16 2 1
github.com/ultravioletrs/cocos/pkg/attestation/azure/snp.go:199.16,201.3 1 0
github.com/ultravioletrs/cocos/pkg/attestation/azure/snp.go:203.2,204.9 2 1
github.com/ultravioletrs/cocos/pkg/attestation/azure/snp.go:204.9,206.3 1 0
github.com/ultravioletrs/cocos/pkg/attestation/azure/snp.go:207.2,208.16 2 1
github.com/ultravioletrs/cocos/pkg/attestation/azure/snp.go:208.16,210.3 1 0
github.com/ultravioletrs/cocos/pkg/attestation/azure/snp.go:212.2,213.9 2 1
github.com/ultravioletrs/cocos/pkg/attestation/azure/snp.go:213.9,215.3 1 0
github.com/ultravioletrs/cocos/pkg/attestation/azure/snp.go:217.2,218.9 2 1
github.com/ultravioletrs/cocos/pkg/attestation/azure/snp.go:218.9,220.3 1 0
github.com/ultravioletrs/cocos/pkg/attestation/azure/snp.go:222.2,223.9 2 1
github.com/ultravioletrs/cocos/pkg/attestation/azure/snp.go:223.9,225.3 1 0
github.com/ultravioletrs/cocos/pkg/attestation/azure/snp.go:227.2,228.9 2 1
github.com/ultravioletrs/cocos/pkg/attestation/azure/snp.go:228.9,230.3 1 0
github.com/ultravioletrs/cocos/pkg/attestation/azure/snp.go:232.2,241.16 3 1
github.com/ultravioletrs/cocos/pkg/attestation/azure/snp.go:241.16,243.3 1 0
github.com/ultravioletrs/cocos/pkg/attestation/azure/snp.go:245.2,246.9 2 1
github.com/ultravioletrs/cocos/pkg/attestation/azure/snp.go:246.9,248.3 1 0
github.com/ultravioletrs/cocos/pkg/attestation/azure/snp.go:250.2,251.9 2 1
github.com/ultravioletrs/cocos/pkg/attestation/azure/snp.go:251.9,253.3 1 0
github.com/ultravioletrs/cocos/pkg/attestation/azure/snp.go:254.2,255.16 2 1
github.com/ultravioletrs/cocos/pkg/attestation/azure/snp.go:255.16,257.3 1 0
github.com/ultravioletrs/cocos/pkg/attestation/azure/snp.go:259.2,260.9 2 1
github.com/ultravioletrs/cocos/pkg/attestation/azure/snp.go:260.9,262.3 1 0
github.com/ultravioletrs/cocos/pkg/attestation/azure/snp.go:263.2,264.16 2 1
github.com/ultravioletrs/cocos/pkg/attestation/azure/snp.go:264.16,266.3 1 0
github.com/ultravioletrs/cocos/pkg/attestation/azure/snp.go:268.2,287.8 2 1
github.com/ultravioletrs/cocos/pkg/attestation/azure/snp.go:290.83,292.16 2 1
github.com/ultravioletrs/cocos/pkg/attestation/azure/snp.go:292.16,294.3 1 1
github.com/ultravioletrs/cocos/pkg/attestation/azure/snp.go:295.2,295.27 1 0
github.com/ultravioletrs/cocos/pkg/attestation/azure/snp.go:298.58,300.16 2 1
github.com/ultravioletrs/cocos/pkg/attestation/azure/snp.go:300.16,302.3 1 1
github.com/ultravioletrs/cocos/pkg/attestation/azure/snp.go:304.2,305.12 2 1
github.com/ultravioletrs/cocos/pkg/attestation/azure/snp.go:305.12,307.3 1 0
github.com/ultravioletrs/cocos/pkg/attestation/azure/snp.go:309.2,310.18 2 1
github.com/ultravioletrs/cocos/pkg/attestation/azure/snp.go:310.18,312.3 1 1
github.com/ultravioletrs/cocos/pkg/attestation/azure/snp.go:314.2,315.16 2 1
github.com/ultravioletrs/cocos/pkg/attestation/azure/snp.go:315.16,317.3 1 0
github.com/ultravioletrs/cocos/pkg/attestation/azure/snp.go:319.2,320.16 2 1
github.com/ultravioletrs/cocos/pkg/attestation/azure/snp.go:320.16,322.3 1 0
github.com/ultravioletrs/cocos/pkg/attestation/azure/snp.go:324.2,324.20 1 1
github.com/ultravioletrs/cocos/pkg/attestation/cmdconfig/mocks/measurementprovider.go:19.25,23.19 3 0
github.com/ultravioletrs/cocos/pkg/attestation/cmdconfig/mocks/measurementprovider.go:23.19,23.49 1 0
github.com/ultravioletrs/cocos/pkg/attestation/cmdconfig/mocks/measurementprovider.go:25.2,25.13 1 0
github.com/ultravioletrs/cocos/pkg/attestation/cmdconfig/mocks/measurementprovider.go:37.71,39.2 1 0
github.com/ultravioletrs/cocos/pkg/attestation/cmdconfig/mocks/measurementprovider.go:42.74,45.19 2 0
github.com/ultravioletrs/cocos/pkg/attestation/cmdconfig/mocks/measurementprovider.go:45.19,46.45 1 0
github.com/ultravioletrs/cocos/pkg/attestation/cmdconfig/mocks/measurementprovider.go:49.2,51.69 3 0
github.com/ultravioletrs/cocos/pkg/attestation/cmdconfig/mocks/measurementprovider.go:51.69,53.3 1 0
github.com/ultravioletrs/cocos/pkg/attestation/cmdconfig/mocks/measurementprovider.go:54.2,54.60 1 0
github.com/ultravioletrs/cocos/pkg/attestation/cmdconfig/mocks/measurementprovider.go:54.60,56.3 1 0
github.com/ultravioletrs/cocos/pkg/attestation/cmdconfig/mocks/measurementprovider.go:56.8,57.24 1 0
github.com/ultravioletrs/cocos/pkg/attestation/cmdconfig/mocks/measurementprovider.go:57.24,59.4 1 0
github.com/ultravioletrs/cocos/pkg/attestation/cmdconfig/mocks/measurementprovider.go:61.2,61.59 1 0
github.com/ultravioletrs/cocos/pkg/attestation/cmdconfig/mocks/measurementprovider.go:61.59,63.3 1 0
github.com/ultravioletrs/cocos/pkg/attestation/cmdconfig/mocks/measurementprovider.go:63.8,65.3 1 0
github.com/ultravioletrs/cocos/pkg/attestation/cmdconfig/mocks/measurementprovider.go:66.2,66.15 1 0
github.com/ultravioletrs/cocos/pkg/attestation/cmdconfig/mocks/measurementprovider.go:76.99,78.2 1 0
github.com/ultravioletrs/cocos/pkg/attestation/cmdconfig/mocks/measurementprovider.go:80.104,81.40 1 0
github.com/ultravioletrs/cocos/pkg/attestation/cmdconfig/mocks/measurementprovider.go:81.40,83.21 2 0
github.com/ultravioletrs/cocos/pkg/attestation/cmdconfig/mocks/measurementprovider.go:83.21,85.4 1 0
github.com/ultravioletrs/cocos/pkg/attestation/cmdconfig/mocks/measurementprovider.go:86.3,88.4 1 0
github.com/ultravioletrs/cocos/pkg/attestation/cmdconfig/mocks/measurementprovider.go:90.2,90.11 1 0
github.com/ultravioletrs/cocos/pkg/attestation/cmdconfig/mocks/measurementprovider.go:93.103,96.2 2 0
github.com/ultravioletrs/cocos/pkg/attestation/cmdconfig/mocks/measurementprovider.go:98.129,101.2 2 0
github.com/ultravioletrs/cocos/pkg/attestation/cmdconfig/mocks/measurementprovider.go:104.48,107.19 2 0
github.com/ultravioletrs/cocos/pkg/attestation/cmdconfig/mocks/measurementprovider.go:107.19,108.46 1 0
github.com/ultravioletrs/cocos/pkg/attestation/cmdconfig/mocks/measurementprovider.go:111.2,112.53 2 0
github.com/ultravioletrs/cocos/pkg/attestation/cmdconfig/mocks/measurementprovider.go:112.53,114.3 1 0
github.com/ultravioletrs/cocos/pkg/attestation/cmdconfig/mocks/measurementprovider.go:114.8,116.3 1 0
github.com/ultravioletrs/cocos/pkg/attestation/cmdconfig/mocks/measurementprovider.go:117.2,117.11 1 0
github.com/ultravioletrs/cocos/pkg/attestation/cmdconfig/mocks/measurementprovider.go:126.79,128.2 1 0
github.com/ultravioletrs/cocos/pkg/attestation/cmdconfig/mocks/measurementprovider.go:130.89,131.40 1 0
github.com/ultravioletrs/cocos/pkg/attestation/cmdconfig/mocks/measurementprovider.go:131.40,133.3 1 0
github.com/ultravioletrs/cocos/pkg/attestation/cmdconfig/mocks/measurementprovider.go:134.2,134.11 1 0
github.com/ultravioletrs/cocos/pkg/attestation/cmdconfig/mocks/measurementprovider.go:137.91,140.2 2 0
github.com/ultravioletrs/cocos/pkg/attestation/cmdconfig/mocks/measurementprovider.go:142.104,145.2 2 0
github.com/ultravioletrs/cocos/pkg/crypto/decrypt.go:58.74,59.56 1 1
github.com/ultravioletrs/cocos/pkg/crypto/decrypt.go:59.56,61.3 1 1
github.com/ultravioletrs/cocos/pkg/crypto/decrypt.go:63.2,64.16 2 1
github.com/ultravioletrs/cocos/pkg/crypto/decrypt.go:64.16,66.3 1 0
github.com/ultravioletrs/cocos/pkg/crypto/decrypt.go:68.2,69.16 2 1
github.com/ultravioletrs/cocos/pkg/crypto/decrypt.go:69.16,71.3 1 0
github.com/ultravioletrs/cocos/pkg/crypto/decrypt.go:74.2,77.16 3 1
github.com/ultravioletrs/cocos/pkg/crypto/decrypt.go:77.16,79.3 1 1
github.com/ultravioletrs/cocos/pkg/crypto/decrypt.go:81.2,81.23 1 1
github.com/ultravioletrs/cocos/pkg/crypto/decrypt.go:86.110,87.34 1 1
github.com/ultravioletrs/cocos/pkg/crypto/decrypt.go:87.34,89.3 1 1
github.com/ultravioletrs/cocos/pkg/crypto/decrypt.go:92.2,93.16 2 1
github.com/ultravioletrs/cocos/pkg/crypto/decrypt.go:93.16,95.3 1 1
github.com/ultravioletrs/cocos/pkg/crypto/decrypt.go:97.2,98.16 2 1
github.com/ultravioletrs/cocos/pkg/crypto/decrypt.go:98.16,100.3 1 1
github.com/ultravioletrs/cocos/pkg/crypto/decrypt.go:103.2,110.16 7 1
github.com/ultravioletrs/cocos/pkg/crypto/decrypt.go:110.16,112.3 1 1
github.com/ultravioletrs/cocos/pkg/crypto/decrypt.go:115.2,116.16 2 0
github.com/ultravioletrs/cocos/pkg/crypto/decrypt.go:116.16,118.3 1 0
github.com/ultravioletrs/cocos/pkg/crypto/decrypt.go:121.2,123.41 3 0
github.com/ultravioletrs/cocos/pkg/crypto/decrypt.go:123.41,125.3 1 0
github.com/ultravioletrs/cocos/pkg/crypto/decrypt.go:128.2,129.16 2 0
github.com/ultravioletrs/cocos/pkg/crypto/decrypt.go:129.16,131.3 1 0
github.com/ultravioletrs/cocos/pkg/crypto/decrypt.go:134.2,141.16 2 0
github.com/ultravioletrs/cocos/pkg/crypto/decrypt.go:141.16,143.3 1 0
github.com/ultravioletrs/cocos/pkg/crypto/decrypt.go:146.2,150.23 4 0
github.com/ultravioletrs/cocos/pkg/crypto/decrypt.go:154.56,155.52 1 1
github.com/ultravioletrs/cocos/pkg/crypto/decrypt.go:155.52,157.3 1 1
github.com/ultravioletrs/cocos/pkg/crypto/decrypt.go:159.2,160.16 2 1
github.com/ultravioletrs/cocos/pkg/crypto/decrypt.go:160.16,162.3 1 1
github.com/ultravioletrs/cocos/pkg/crypto/decrypt.go:164.2,167.26 4 1
github.com/ultravioletrs/cocos/pkg/crypto/decrypt.go:167.26,169.3 1 1
github.com/ultravioletrs/cocos/pkg/crypto/decrypt.go:171.2,172.26 2 1
github.com/ultravioletrs/cocos/pkg/crypto/decrypt.go:172.26,173.27 1 1
github.com/ultravioletrs/cocos/pkg/crypto/decrypt.go:173.27,176.27 3 1
github.com/ultravioletrs/cocos/pkg/crypto/decrypt.go:176.27,178.5 1 1
github.com/ultravioletrs/cocos/pkg/crypto/decrypt.go:179.4,183.16 4 1
github.com/ultravioletrs/cocos/pkg/crypto/decrypt.go:188.2,189.25 2 1
github.com/ultravioletrs/cocos/pkg/crypto/decrypt.go:189.25,190.28 1 1
github.com/ultravioletrs/cocos/pkg/crypto/decrypt.go:190.28,192.4 1 1
github.com/ultravioletrs/cocos/pkg/crypto/decrypt.go:196.2,197.26 2 0
github.com/ultravioletrs/cocos/pkg/crypto/decrypt.go:197.26,199.3 1 0
github.com/ultravioletrs/cocos/pkg/crypto/decrypt.go:201.2,201.23 1 0
github.com/ultravioletrs/cocos/pkg/crypto/decrypt.go:205.70,207.56 2 1
github.com/ultravioletrs/cocos/pkg/crypto/decrypt.go:207.56,209.3 1 1
github.com/ultravioletrs/cocos/pkg/crypto/decrypt.go:210.2,210.23 1 1
github.com/ultravioletrs/cocos/pkg/crypto/decrypt.go:214.26,215.19 1 1
github.com/ultravioletrs/cocos/pkg/crypto/decrypt.go:215.19,217.3 1 1
github.com/ultravioletrs/cocos/pkg/attestation/tdx/tdx.go:39.41,41.2 1 1
github.com/ultravioletrs/cocos/pkg/attestation/tdx/tdx.go:43.82,45.2 1 1
github.com/ultravioletrs/cocos/pkg/attestation/tdx/tdx.go:47.67,48.21 1 1
github.com/ultravioletrs/cocos/pkg/attestation/tdx/tdx.go:48.21,50.3 1 1
github.com/ultravioletrs/cocos/pkg/attestation/tdx/tdx.go:52.2,52.25 1 1
github.com/ultravioletrs/cocos/pkg/attestation/tdx/tdx.go:52.25,54.3 1 1
github.com/ultravioletrs/cocos/pkg/attestation/tdx/tdx.go:56.2,57.16 2 1
github.com/ultravioletrs/cocos/pkg/attestation/tdx/tdx.go:57.16,59.3 1 0
github.com/ultravioletrs/cocos/pkg/attestation/tdx/tdx.go:61.2,61.54 1 1
github.com/ultravioletrs/cocos/pkg/attestation/tdx/tdx.go:64.69,66.2 1 1
github.com/ultravioletrs/cocos/pkg/attestation/tdx/tdx.go:68.76,70.2 1 1
github.com/ultravioletrs/cocos/pkg/attestation/tdx/tdx.go:76.41,85.2 2 1
github.com/ultravioletrs/cocos/pkg/attestation/tdx/tdx.go:87.77,88.19 1 1
github.com/ultravioletrs/cocos/pkg/attestation/tdx/tdx.go:88.19,90.3 1 1
github.com/ultravioletrs/cocos/pkg/attestation/tdx/tdx.go:91.2,93.3 1 1
github.com/ultravioletrs/cocos/pkg/attestation/tdx/tdx.go:96.77,97.21 1 1
github.com/ultravioletrs/cocos/pkg/attestation/tdx/tdx.go:97.21,99.3 1 1
github.com/ultravioletrs/cocos/pkg/attestation/tdx/tdx.go:101.2,102.16 2 1
github.com/ultravioletrs/cocos/pkg/attestation/tdx/tdx.go:102.16,104.3 1 1
github.com/ultravioletrs/cocos/pkg/attestation/tdx/tdx.go:106.2,107.16 2 0
github.com/ultravioletrs/cocos/pkg/attestation/tdx/tdx.go:107.16,109.3 1 0
github.com/ultravioletrs/cocos/pkg/attestation/tdx/tdx.go:111.2,117.57 2 0
github.com/ultravioletrs/cocos/pkg/attestation/tdx/tdx.go:117.57,119.3 1 0
github.com/ultravioletrs/cocos/pkg/attestation/tdx/tdx.go:121.2,122.16 2 0
github.com/ultravioletrs/cocos/pkg/attestation/tdx/tdx.go:122.16,124.3 1 0
github.com/ultravioletrs/cocos/pkg/attestation/tdx/tdx.go:126.2,126.57 1 0
github.com/ultravioletrs/cocos/pkg/attestation/tdx/tdx.go:126.57,128.3 1 0
github.com/ultravioletrs/cocos/pkg/attestation/tdx/tdx.go:130.2,130.12 1 0
github.com/ultravioletrs/cocos/pkg/attestation/tdx/tdx.go:133.79,135.2 1 1
github.com/ultravioletrs/cocos/pkg/attestation/tdx/tdx.go:137.93,139.2 1 1
github.com/ultravioletrs/cocos/pkg/attestation/tdx/tdx.go:141.51,143.2 1 1
github.com/ultravioletrs/cocos/pkg/attestation/tdx/tdx.go:146.87,149.16 2 1
github.com/ultravioletrs/cocos/pkg/attestation/tdx/tdx.go:149.16,151.3 1 1
github.com/ultravioletrs/cocos/pkg/attestation/tdx/tdx.go:154.2,154.67 1 0
github.com/ultravioletrs/cocos/pkg/attestation/tdx/tdx.go:157.84,159.16 2 1
github.com/ultravioletrs/cocos/pkg/attestation/tdx/tdx.go:159.16,161.3 1 1
github.com/ultravioletrs/cocos/pkg/attestation/tdx/tdx.go:163.2,163.64 1 1
github.com/ultravioletrs/cocos/pkg/attestation/tdx/tdx.go:163.64,165.3 1 1
github.com/ultravioletrs/cocos/pkg/attestation/tdx/tdx.go:167.2,167.12 1 1
github.com/ultravioletrs/cocos/pkg/oci/extract.go:35.106,39.16 3 1
github.com/ultravioletrs/cocos/pkg/oci/extract.go:39.16,41.3 1 1
github.com/ultravioletrs/cocos/pkg/oci/extract.go:43.2,44.58 2 1
github.com/ultravioletrs/cocos/pkg/oci/extract.go:44.58,46.3 1 1
github.com/ultravioletrs/cocos/pkg/oci/extract.go:48.2,48.31 1 1
github.com/ultravioletrs/cocos/pkg/oci/extract.go:48.31,50.3 1 1
github.com/ultravioletrs/cocos/pkg/oci/extract.go:53.2,58.16 4 1
github.com/ultravioletrs/cocos/pkg/oci/extract.go:58.16,60.3 1 0
github.com/ultravioletrs/cocos/pkg/oci/extract.go:62.2,67.64 2 1
github.com/ultravioletrs/cocos/pkg/oci/extract.go:67.64,69.3 1 0
github.com/ultravioletrs/cocos/pkg/oci/extract.go:72.2,76.49 3 1
github.com/ultravioletrs/cocos/pkg/oci/extract.go:76.49,82.25 4 1
github.com/ultravioletrs/cocos/pkg/oci/extract.go:82.25,84.4 1 1
github.com/ultravioletrs/cocos/pkg/oci/extract.go:86.3,86.17 1 1
github.com/ultravioletrs/cocos/pkg/oci/extract.go:86.17,88.12 2 0
github.com/ultravioletrs/cocos/pkg/oci/extract.go:91.3,91.21 1 1
github.com/ultravioletrs/cocos/pkg/oci/extract.go:91.21,93.4 1 1
github.com/ultravioletrs/cocos/pkg/oci/extract.go:96.2,96.95 1 0
github.com/ultravioletrs/cocos/pkg/oci/extract.go:100.110,103.16 2 1
github.com/ultravioletrs/cocos/pkg/oci/extract.go:103.16,105.3 1 0
github.com/ultravioletrs/cocos/pkg/oci/extract.go:106.2,110.16 3 1
github.com/ultravioletrs/cocos/pkg/oci/extract.go:110.16,112.3 1 0
github.com/ultravioletrs/cocos/pkg/oci/extract.go:113.2,121.6 5 1
github.com/ultravioletrs/cocos/pkg/oci/extract.go:121.6,123.20 2 1
github.com/ultravioletrs/cocos/pkg/oci/extract.go:123.20,124.9 1 1
github.com/ultravioletrs/cocos/pkg/oci/extract.go:126.3,126.17 1 1
github.com/ultravioletrs/cocos/pkg/oci/extract.go:126.17,128.4 1 0
github.com/ultravioletrs/cocos/pkg/oci/extract.go:130.3,133.37 2 1
github.com/ultravioletrs/cocos/pkg/oci/extract.go:133.37,134.12 1 0
github.com/ultravioletrs/cocos/pkg/oci/extract.go:137.3,143.22 4 1
github.com/ultravioletrs/cocos/pkg/oci/extract.go:143.22,147.79 2 1
github.com/ultravioletrs/cocos/pkg/oci/extract.go:147.79,148.13 1 0
github.com/ultravioletrs/cocos/pkg/oci/extract.go:151.4,153.71 2 1
github.com/ultravioletrs/cocos/pkg/oci/extract.go:153.71,155.5 1 0
github.com/ultravioletrs/cocos/pkg/oci/extract.go:157.4,158.18 2 1
github.com/ultravioletrs/cocos/pkg/oci/extract.go:158.18,160.5 1 0
github.com/ultravioletrs/cocos/pkg/oci/extract.go:162.4,162.57 1 1
github.com/ultravioletrs/cocos/pkg/oci/extract.go:162.57,165.5 2 0
github.com/ultravioletrs/cocos/pkg/oci/extract.go:166.4,168.14 2 1
github.com/ultravioletrs/cocos/pkg/oci/extract.go:168.14,170.5 1 1
github.com/ultravioletrs/cocos/pkg/oci/extract.go:175.2,175.38 1 1
github.com/ultravioletrs/cocos/pkg/oci/extract.go:179.44,190.36 5 1
github.com/ultravioletrs/cocos/pkg/oci/extract.go:190.36,191.40 1 1
github.com/ultravioletrs/cocos/pkg/oci/extract.go:191.40,193.4 1 1
github.com/ultravioletrs/cocos/pkg/oci/extract.go:197.2,197.38 1 1
github.com/ultravioletrs/cocos/pkg/oci/extract.go:197.38,198.40 1 1
github.com/ultravioletrs/cocos/pkg/oci/extract.go:198.40,200.4 1 0
github.com/ultravioletrs/cocos/pkg/oci/extract.go:203.2,203.14 1 1
github.com/ultravioletrs/cocos/pkg/oci/extract.go:207.64,212.16 3 1
github.com/ultravioletrs/cocos/pkg/oci/extract.go:212.16,214.3 1 1
github.com/ultravioletrs/cocos/pkg/oci/extract.go:216.2,217.58 2 1
github.com/ultravioletrs/cocos/pkg/oci/extract.go:217.58,219.3 1 0
github.com/ultravioletrs/cocos/pkg/oci/extract.go:221.2,221.31 1 1
github.com/ultravioletrs/cocos/pkg/oci/extract.go:221.31,223.3 1 0
github.com/ultravioletrs/cocos/pkg/oci/extract.go:226.2,231.16 4 1
github.com/ultravioletrs/cocos/pkg/oci/extract.go:231.16,233.3 1 0
github.com/ultravioletrs/cocos/pkg/oci/extract.go:235.2,240.64 2 1
github.com/ultravioletrs/cocos/pkg/oci/extract.go:240.64,242.3 1 0
github.com/ultravioletrs/cocos/pkg/oci/extract.go:244.2,248.49 2 1
github.com/ultravioletrs/cocos/pkg/oci/extract.go:248.49,253.17 4 1
github.com/ultravioletrs/cocos/pkg/oci/extract.go:253.17,255.4 1 1
github.com/ultravioletrs/cocos/pkg/oci/extract.go:258.2,258.28 1 1
github.com/ultravioletrs/cocos/pkg/oci/extract.go:258.28,260.3 1 0
github.com/ultravioletrs/cocos/pkg/oci/extract.go:262.2,262.26 1 1
github.com/ultravioletrs/cocos/pkg/oci/extract.go:266.74,268.16 2 1
github.com/ultravioletrs/cocos/pkg/oci/extract.go:268.16,270.3 1 0
github.com/ultravioletrs/cocos/pkg/oci/extract.go:271.2,274.16 3 1
github.com/ultravioletrs/cocos/pkg/oci/extract.go:274.16,276.3 1 0
github.com/ultravioletrs/cocos/pkg/oci/extract.go:277.2,282.6 4 1
github.com/ultravioletrs/cocos/pkg/oci/extract.go:282.6,284.20 2 1
github.com/ultravioletrs/cocos/pkg/oci/extract.go:284.20,285.9 1 1
github.com/ultravioletrs/cocos/pkg/oci/extract.go:287.3,287.17 1 1
github.com/ultravioletrs/cocos/pkg/oci/extract.go:287.17,289.4 1 0
github.com/ultravioletrs/cocos/pkg/oci/extract.go:291.3,291.37 1 1
github.com/ultravioletrs/cocos/pkg/oci/extract.go:291.37,292.12 1 0
github.com/ultravioletrs/cocos/pkg/oci/extract.go:296.3,296.30 1 1
github.com/ultravioletrs/cocos/pkg/oci/extract.go:296.30,299.79 2 1
github.com/ultravioletrs/cocos/pkg/oci/extract.go:299.79,300.13 1 0
github.com/ultravioletrs/cocos/pkg/oci/extract.go:303.4,305.71 2 1
github.com/ultravioletrs/cocos/pkg/oci/extract.go:305.71,307.5 1 0
github.com/ultravioletrs/cocos/pkg/oci/extract.go:309.4,310.18 2 1
github.com/ultravioletrs/cocos/pkg/oci/extract.go:310.18,312.5 1 0
github.com/ultravioletrs/cocos/pkg/oci/extract.go:314.4,314.57 1 1
github.com/ultravioletrs/cocos/pkg/oci/extract.go:314.57,317.5 2 0
github.com/ultravioletrs/cocos/pkg/oci/extract.go:318.4,320.55 2 1
github.com/ultravioletrs/cocos/pkg/oci/extract.go:324.2,324.28 1 1
github.com/ultravioletrs/cocos/pkg/oci/extract.go:328.39,333.31 3 1
github.com/ultravioletrs/cocos/pkg/oci/extract.go:333.31,334.40 1 1
github.com/ultravioletrs/cocos/pkg/oci/extract.go:334.40,336.4 1 1
github.com/ultravioletrs/cocos/pkg/oci/extract.go:339.2,339.14 1 1
github.com/ultravioletrs/cocos/pkg/oci/skopeo.go:32.61,35.16 2 1
github.com/ultravioletrs/cocos/pkg/oci/skopeo.go:35.16,37.3 1 0
github.com/ultravioletrs/cocos/pkg/oci/skopeo.go:40.2,40.52 1 1
github.com/ultravioletrs/cocos/pkg/oci/skopeo.go:40.52,42.3 1 0
github.com/ultravioletrs/cocos/pkg/oci/skopeo.go:44.2,47.8 1 1
github.com/ultravioletrs/cocos/pkg/oci/skopeo.go:51.105,53.52 1 1
github.com/ultravioletrs/cocos/pkg/oci/skopeo.go:53.52,55.3 1 0
github.com/ultravioletrs/cocos/pkg/oci/skopeo.go:57.2,60.22 2 1
github.com/ultravioletrs/cocos/pkg/oci/skopeo.go:60.22,62.3 1 0
github.com/ultravioletrs/cocos/pkg/oci/skopeo.go:65.2,85.16 9 1
github.com/ultravioletrs/cocos/pkg/oci/skopeo.go:85.16,87.3 1 1
github.com/ultravioletrs/cocos/pkg/oci/skopeo.go:89.2,89.12 1 0
github.com/ultravioletrs/cocos/pkg/oci/skopeo.go:93.94,101.16 5 1
github.com/ultravioletrs/cocos/pkg/oci/skopeo.go:101.16,103.3 1 1
github.com/ultravioletrs/cocos/pkg/oci/skopeo.go:107.2,109.8 1 0
github.com/ultravioletrs/cocos/pkg/oci/skopeo.go:113.62,115.2 1 1
github.com/ultravioletrs/cocos/pkg/attestation/mocks/provider.go:19.14,23.19 3 0
github.com/ultravioletrs/cocos/pkg/attestation/mocks/provider.go:23.19,23.49 1 0
github.com/ultravioletrs/cocos/pkg/attestation/mocks/provider.go:25.2,25.13 1 0
github.com/ultravioletrs/cocos/pkg/attestation/mocks/provider.go:37.49,39.2 1 0
github.com/ultravioletrs/cocos/pkg/attestation/mocks/provider.go:42.87,45.19 2 0
github.com/ultravioletrs/cocos/pkg/attestation/mocks/provider.go:45.19,46.53 1 0
github.com/ultravioletrs/cocos/pkg/attestation/mocks/provider.go:49.2,51.77 3 0
github.com/ultravioletrs/cocos/pkg/attestation/mocks/provider.go:51.77,53.3 1 0
github.com/ultravioletrs/cocos/pkg/attestation/mocks/provider.go:54.2,54.68 1 0
github.com/ultravioletrs/cocos/pkg/attestation/mocks/provider.go:54.68,56.3 1 0
github.com/ultravioletrs/cocos/pkg/attestation/mocks/provider.go:56.8,57.24 1 0
github.com/ultravioletrs/cocos/pkg/attestation/mocks/provider.go:57.24,59.4 1 0
github.com/ultravioletrs/cocos/pkg/attestation/mocks/provider.go:61.2,61.67 1 0
github.com/ultravioletrs/cocos/pkg/attestation/mocks/provider.go:61.67,63.3 1 0
github.com/ultravioletrs/cocos/pkg/attestation/mocks/provider.go:63.8,65.3 1 0
github.com/ultravioletrs/cocos/pkg/attestation/mocks/provider.go:66.2,66.15 1 0
github.com/ultravioletrs/cocos/pkg/attestation/mocks/provider.go:77.114,79.2 1 0
github.com/ultravioletrs/cocos/pkg/attestation/mocks/provider.go:81.114,82.40 1 0
github.com/ultravioletrs/cocos/pkg/attestation/mocks/provider.go:82.40,84.21 2 0
github.com/ultravioletrs/cocos/pkg/attestation/mocks/provider.go:84.21,86.4 1 0
github.com/ultravioletrs/cocos/pkg/attestation/mocks/provider.go:87.3,88.21 2 0
github.com/ultravioletrs/cocos/pkg/attestation/mocks/provider.go:88.21,90.4 1 0
github.com/ultravioletrs/cocos/pkg/attestation/mocks/provider.go:91.3,94.4 1 0
github.com/ultravioletrs/cocos/pkg/attestation/mocks/provider.go:96.2,96.11 1 0
github.com/ultravioletrs/cocos/pkg/attestation/mocks/provider.go:99.97,102.2 2 0
github.com/ultravioletrs/cocos/pkg/attestation/mocks/provider.go:104.139,107.2 2 0
github.com/ultravioletrs/cocos/pkg/attestation/mocks/provider.go:110.81,113.19 2 0
github.com/ultravioletrs/cocos/pkg/attestation/mocks/provider.go:113.19,114.63 1 0
github.com/ultravioletrs/cocos/pkg/attestation/mocks/provider.go:117.2,119.69 3 0
github.com/ultravioletrs/cocos/pkg/attestation/mocks/provider.go:119.69,121.3 1 0
github.com/ultravioletrs/cocos/pkg/attestation/mocks/provider.go:122.2,122.60 1 0
github.com/ultravioletrs/cocos/pkg/attestation/mocks/provider.go:122.60,124.3 1 0
github.com/ultravioletrs/cocos/pkg/attestation/mocks/provider.go:124.8,125.24 1 0
github.com/ultravioletrs/cocos/pkg/attestation/mocks/provider.go:125.24,127.4 1 0
github.com/ultravioletrs/cocos/pkg/attestation/mocks/provider.go:129.2,129.59 1 0
github.com/ultravioletrs/cocos/pkg/attestation/mocks/provider.go:129.59,131.3 1 0
github.com/ultravioletrs/cocos/pkg/attestation/mocks/provider.go:131.8,133.3 1 0
github.com/ultravioletrs/cocos/pkg/attestation/mocks/provider.go:134.2,134.15 1 0
github.com/ultravioletrs/cocos/pkg/attestation/mocks/provider.go:144.113,146.2 1 0
github.com/ultravioletrs/cocos/pkg/attestation/mocks/provider.go:148.118,149.40 1 0
github.com/ultravioletrs/cocos/pkg/attestation/mocks/provider.go:149.40,151.21 2 0
github.com/ultravioletrs/cocos/pkg/attestation/mocks/provider.go:151.21,153.4 1 0
github.com/ultravioletrs/cocos/pkg/attestation/mocks/provider.go:154.3,156.4 1 0
github.com/ultravioletrs/cocos/pkg/attestation/mocks/provider.go:158.2,158.11 1 0
github.com/ultravioletrs/cocos/pkg/attestation/mocks/provider.go:161.117,164.2 2 0
github.com/ultravioletrs/cocos/pkg/attestation/mocks/provider.go:166.143,169.2 2 0
github.com/ultravioletrs/cocos/pkg/attestation/mocks/provider.go:172.72,175.19 2 0
github.com/ultravioletrs/cocos/pkg/attestation/mocks/provider.go:175.19,176.56 1 0
github.com/ultravioletrs/cocos/pkg/attestation/mocks/provider.go:179.2,181.69 3 0
github.com/ultravioletrs/cocos/pkg/attestation/mocks/provider.go:181.69,183.3 1 0
github.com/ultravioletrs/cocos/pkg/attestation/mocks/provider.go:184.2,184.60 1 0
github.com/ultravioletrs/cocos/pkg/attestation/mocks/provider.go:184.60,186.3 1 0
github.com/ultravioletrs/cocos/pkg/attestation/mocks/provider.go:186.8,187.24 1 0
github.com/ultravioletrs/cocos/pkg/attestation/mocks/provider.go:187.24,189.4 1 0
github.com/ultravioletrs/cocos/pkg/attestation/mocks/provider.go:191.2,191.59 1 0
github.com/ultravioletrs/cocos/pkg/attestation/mocks/provider.go:191.59,193.3 1 0
github.com/ultravioletrs/cocos/pkg/attestation/mocks/provider.go:193.8,195.3 1 0
github.com/ultravioletrs/cocos/pkg/attestation/mocks/provider.go:196.2,196.15 1 0
github.com/ultravioletrs/cocos/pkg/attestation/mocks/provider.go:206.97,208.2 1 0
github.com/ultravioletrs/cocos/pkg/attestation/mocks/provider.go:210.102,211.40 1 0
github.com/ultravioletrs/cocos/pkg/attestation/mocks/provider.go:211.40,213.21 2 0
github.com/ultravioletrs/cocos/pkg/attestation/mocks/provider.go:213.21,215.4 1 0
github.com/ultravioletrs/cocos/pkg/attestation/mocks/provider.go:216.3,218.4 1 0
github.com/ultravioletrs/cocos/pkg/attestation/mocks/provider.go:220.2,220.11 1 0
github.com/ultravioletrs/cocos/pkg/attestation/mocks/provider.go:223.103,226.2 2 0
github.com/ultravioletrs/cocos/pkg/attestation/mocks/provider.go:228.127,231.2 2 0
github.com/ultravioletrs/cocos/pkg/attestation/mocks/provider.go:234.74,237.19 2 0
github.com/ultravioletrs/cocos/pkg/attestation/mocks/provider.go:237.19,238.57 1 0
github.com/ultravioletrs/cocos/pkg/attestation/mocks/provider.go:241.2,243.69 3 0
github.com/ultravioletrs/cocos/pkg/attestation/mocks/provider.go:243.69,245.3 1 0
github.com/ultravioletrs/cocos/pkg/attestation/mocks/provider.go:246.2,246.60 1 0
github.com/ultravioletrs/cocos/pkg/attestation/mocks/provider.go:246.60,248.3 1 0
github.com/ultravioletrs/cocos/pkg/attestation/mocks/provider.go:248.8,249.24 1 0
github.com/ultravioletrs/cocos/pkg/attestation/mocks/provider.go:249.24,251.4 1 0
github.com/ultravioletrs/cocos/pkg/attestation/mocks/provider.go:253.2,253.59 1 0
github.com/ultravioletrs/cocos/pkg/attestation/mocks/provider.go:253.59,255.3 1 0
github.com/ultravioletrs/cocos/pkg/attestation/mocks/provider.go:255.8,257.3 1 0
github.com/ultravioletrs/cocos/pkg/attestation/mocks/provider.go:258.2,258.15 1 0
github.com/ultravioletrs/cocos/pkg/attestation/mocks/provider.go:268.100,270.2 1 0
github.com/ultravioletrs/cocos/pkg/attestation/mocks/provider.go:272.105,273.40 1 0
github.com/ultravioletrs/cocos/pkg/attestation/mocks/provider.go:273.40,275.21 2 0
github.com/ultravioletrs/cocos/pkg/attestation/mocks/provider.go:275.21,277.4 1 0
github.com/ultravioletrs/cocos/pkg/attestation/mocks/provider.go:278.3,280.4 1 0
github.com/ultravioletrs/cocos/pkg/attestation/mocks/provider.go:282.2,282.11 1 0
github.com/ultravioletrs/cocos/pkg/attestation/mocks/provider.go:285.105,288.2 2 0
github.com/ultravioletrs/cocos/pkg/attestation/mocks/provider.go:290.130,293.2 2 0
github.com/ultravioletrs/cocos/pkg/attestation/mocks/verifier.go:19.14,23.19 3 0
github.com/ultravioletrs/cocos/pkg/attestation/mocks/verifier.go:23.19,23.49 1 0
github.com/ultravioletrs/cocos/pkg/attestation/mocks/verifier.go:25.2,25.13 1 0
github.com/ultravioletrs/cocos/pkg/attestation/mocks/verifier.go:37.49,39.2 1 0
github.com/ultravioletrs/cocos/pkg/attestation/mocks/verifier.go:42.56,45.19 2 0
github.com/ultravioletrs/cocos/pkg/attestation/mocks/verifier.go:45.19,46.54 1 0
github.com/ultravioletrs/cocos/pkg/attestation/mocks/verifier.go:49.2,50.59 2 0
github.com/ultravioletrs/cocos/pkg/attestation/mocks/verifier.go:50.59,52.3 1 0
github.com/ultravioletrs/cocos/pkg/attestation/mocks/verifier.go:52.8,54.3 1 0
github.com/ultravioletrs/cocos/pkg/attestation/mocks/verifier.go:55.2,55.11 1 0
github.com/ultravioletrs/cocos/pkg/attestation/mocks/verifier.go:65.89,67.2 1 0
github.com/ultravioletrs/cocos/pkg/attestation/mocks/verifier.go:69.94,70.40 1 0
github.com/ultravioletrs/cocos/pkg/attestation/mocks/verifier.go:70.40,72.21 2 0
github.com/ultravioletrs/cocos/pkg/attestation/mocks/verifier.go:72.21,74.4 1 0
github.com/ultravioletrs/cocos/pkg/attestation/mocks/verifier.go:75.3,77.4 1 0
github.com/ultravioletrs/cocos/pkg/attestation/mocks/verifier.go:79.2,79.11 1 0
github.com/ultravioletrs/cocos/pkg/attestation/mocks/verifier.go:82.85,85.2 2 0
github.com/ultravioletrs/cocos/pkg/attestation/mocks/verifier.go:87.109,90.2 2 0
github.com/ultravioletrs/cocos/pkg/attestation/mocks/verifier.go:93.82,96.19 2 0
github.com/ultravioletrs/cocos/pkg/attestation/mocks/verifier.go:96.19,97.61 1 0
github.com/ultravioletrs/cocos/pkg/attestation/mocks/verifier.go:100.2,101.67 2 0
github.com/ultravioletrs/cocos/pkg/attestation/mocks/verifier.go:101.67,103.3 1 0
github.com/ultravioletrs/cocos/pkg/attestation/mocks/verifier.go:103.8,105.3 1 0
github.com/ultravioletrs/cocos/pkg/attestation/mocks/verifier.go:106.2,106.11 1 0
github.com/ultravioletrs/cocos/pkg/attestation/mocks/verifier.go:117.127,119.2 1 0
github.com/ultravioletrs/cocos/pkg/attestation/mocks/verifier.go:121.127,122.40 1 0
github.com/ultravioletrs/cocos/pkg/attestation/mocks/verifier.go:122.40,124.21 2 0
github.com/ultravioletrs/cocos/pkg/attestation/mocks/verifier.go:124.21,126.4 1 0
github.com/ultravioletrs/cocos/pkg/attestation/mocks/verifier.go:127.3,128.21 2 0
github.com/ultravioletrs/cocos/pkg/attestation/mocks/verifier.go:128.21,130.4 1 0
github.com/ultravioletrs/cocos/pkg/attestation/mocks/verifier.go:131.3,134.4 1 0
github.com/ultravioletrs/cocos/pkg/attestation/mocks/verifier.go:136.2,136.11 1 0
github.com/ultravioletrs/cocos/pkg/attestation/mocks/verifier.go:139.99,142.2 2 0
github.com/ultravioletrs/cocos/pkg/attestation/mocks/verifier.go:144.142,147.2 2 0
github.com/ultravioletrs/cocos/pkg/attestation/mocks/verifier.go:150.84,153.19 2 0
github.com/ultravioletrs/cocos/pkg/attestation/mocks/verifier.go:153.19,154.62 1 0
github.com/ultravioletrs/cocos/pkg/attestation/mocks/verifier.go:157.2,158.67 2 0
github.com/ultravioletrs/cocos/pkg/attestation/mocks/verifier.go:158.67,160.3 1 0
github.com/ultravioletrs/cocos/pkg/attestation/mocks/verifier.go:160.8,162.3 1 0
github.com/ultravioletrs/cocos/pkg/attestation/mocks/verifier.go:163.2,163.11 1 0
github.com/ultravioletrs/cocos/pkg/attestation/mocks/verifier.go:174.130,176.2 1 0
github.com/ultravioletrs/cocos/pkg/attestation/mocks/verifier.go:178.130,179.40 1 0
github.com/ultravioletrs/cocos/pkg/attestation/mocks/verifier.go:179.40,181.21 2 0
github.com/ultravioletrs/cocos/pkg/attestation/mocks/verifier.go:181.21,183.4 1 0
github.com/ultravioletrs/cocos/pkg/attestation/mocks/verifier.go:184.3,185.21 2 0
github.com/ultravioletrs/cocos/pkg/attestation/mocks/verifier.go:185.21,187.4 1 0
github.com/ultravioletrs/cocos/pkg/attestation/mocks/verifier.go:188.3,191.4 1 0
github.com/ultravioletrs/cocos/pkg/attestation/mocks/verifier.go:193.2,193.11 1 0
github.com/ultravioletrs/cocos/pkg/attestation/mocks/verifier.go:196.101,199.2 2 0
github.com/ultravioletrs/cocos/pkg/attestation/mocks/verifier.go:201.145,204.2 2 0
github.com/ultravioletrs/cocos/pkg/attestation/mocks/verifier.go:207.98,210.19 2 0
github.com/ultravioletrs/cocos/pkg/attestation/mocks/verifier.go:210.19,211.59 1 0
github.com/ultravioletrs/cocos/pkg/attestation/mocks/verifier.go:214.2,215.75 2 0
github.com/ultravioletrs/cocos/pkg/attestation/mocks/verifier.go:215.75,217.3 1 0
github.com/ultravioletrs/cocos/pkg/attestation/mocks/verifier.go:217.8,219.3 1 0
github.com/ultravioletrs/cocos/pkg/attestation/mocks/verifier.go:220.2,220.11 1 0
github.com/ultravioletrs/cocos/pkg/attestation/mocks/verifier.go:232.146,234.2 1 0
github.com/ultravioletrs/cocos/pkg/attestation/mocks/verifier.go:236.141,237.40 1 0
github.com/ultravioletrs/cocos/pkg/attestation/mocks/verifier.go:237.40,239.21 2 0
github.com/ultravioletrs/cocos/pkg/attestation/mocks/verifier.go:239.21,241.4 1 0
github.com/ultravioletrs/cocos/pkg/attestation/mocks/verifier.go:242.3,243.21 2 0
github.com/ultravioletrs/cocos/pkg/attestation/mocks/verifier.go:243.21,245.4 1 0
github.com/ultravioletrs/cocos/pkg/attestation/mocks/verifier.go:246.3,247.21 2 0
github.com/ultravioletrs/cocos/pkg/attestation/mocks/verifier.go:247.21,249.4 1 0
github.com/ultravioletrs/cocos/pkg/attestation/mocks/verifier.go:250.3,254.4 1 0
github.com/ultravioletrs/cocos/pkg/attestation/mocks/verifier.go:256.2,256.11 1 0
github.com/ultravioletrs/cocos/pkg/attestation/mocks/verifier.go:259.95,262.2 2 0
github.com/ultravioletrs/cocos/pkg/attestation/mocks/verifier.go:264.156,267.2 2 0
github.com/ultravioletrs/cocos/pkg/attestation/mocks/verifier.go:270.92,273.19 2 0
github.com/ultravioletrs/cocos/pkg/attestation/mocks/verifier.go:273.19,274.51 1 0
github.com/ultravioletrs/cocos/pkg/attestation/mocks/verifier.go:277.2,278.75 2 0
github.com/ultravioletrs/cocos/pkg/attestation/mocks/verifier.go:278.75,280.3 1 0
github.com/ultravioletrs/cocos/pkg/attestation/mocks/verifier.go:280.8,282.3 1 0
github.com/ultravioletrs/cocos/pkg/attestation/mocks/verifier.go:283.2,283.11 1 0
github.com/ultravioletrs/cocos/pkg/attestation/mocks/verifier.go:295.132,297.2 1 0
github.com/ultravioletrs/cocos/pkg/attestation/mocks/verifier.go:299.127,300.40 1 0
github.com/ultravioletrs/cocos/pkg/attestation/mocks/verifier.go:300.40,302.21 2 0
github.com/ultravioletrs/cocos/pkg/attestation/mocks/verifier.go:302.21,304.4 1 0
github.com/ultravioletrs/cocos/pkg/attestation/mocks/verifier.go:305.3,306.21 2 0
github.com/ultravioletrs/cocos/pkg/attestation/mocks/verifier.go:306.21,308.4 1 0
github.com/ultravioletrs/cocos/pkg/attestation/mocks/verifier.go:309.3,310.21 2 0
github.com/ultravioletrs/cocos/pkg/attestation/mocks/verifier.go:310.21,312.4 1 0
github.com/ultravioletrs/cocos/pkg/attestation/mocks/verifier.go:313.3,317.4 1 0
github.com/ultravioletrs/cocos/pkg/attestation/mocks/verifier.go:319.2,319.11 1 0
github.com/ultravioletrs/cocos/pkg/attestation/mocks/verifier.go:322.79,325.2 2 0
github.com/ultravioletrs/cocos/pkg/attestation/mocks/verifier.go:327.142,330.2 2 0
github.com/ultravioletrs/cocos/pkg/clients/grpc/attestation-agent/client.go:30.48,33.36 2 1
github.com/ultravioletrs/cocos/pkg/clients/grpc/attestation-agent/client.go:33.36,35.3 1 1
github.com/ultravioletrs/cocos/pkg/clients/grpc/attestation-agent/client.go:35.8,37.3 1 1
github.com/ultravioletrs/cocos/pkg/clients/grpc/attestation-agent/client.go:39.2,40.16 2 1
github.com/ultravioletrs/cocos/pkg/clients/grpc/attestation-agent/client.go:40.16,42.3 1 0
github.com/ultravioletrs/cocos/pkg/clients/grpc/attestation-agent/client.go:44.2,47.8 1 1
github.com/ultravioletrs/cocos/pkg/clients/grpc/attestation-agent/client.go:50.32,52.2 1 1
github.com/ultravioletrs/cocos/pkg/clients/grpc/attestation-agent/client.go:56.82,65.16 5 1
github.com/ultravioletrs/cocos/pkg/clients/grpc/attestation-agent/client.go:65.16,67.3 1 1
github.com/ultravioletrs/cocos/pkg/clients/grpc/attestation-agent/client.go:69.2,69.24 1 1
github.com/ultravioletrs/cocos/pkg/clients/grpc/log/client.go:26.51,28.16 2 1
github.com/ultravioletrs/cocos/pkg/clients/grpc/log/client.go:28.16,30.3 1 0
github.com/ultravioletrs/cocos/pkg/clients/grpc/log/client.go:32.2,35.8 1 1
github.com/ultravioletrs/cocos/pkg/clients/grpc/log/client.go:38.32,40.2 1 1
github.com/ultravioletrs/cocos/pkg/clients/grpc/log/client.go:42.74,43.28 1 1
github.com/ultravioletrs/cocos/pkg/clients/grpc/log/client.go:43.28,45.3 1 1
github.com/ultravioletrs/cocos/pkg/clients/grpc/log/client.go:48.2,49.52 2 1
github.com/ultravioletrs/cocos/pkg/clients/grpc/log/client.go:49.52,54.17 4 1
github.com/ultravioletrs/cocos/pkg/clients/grpc/log/client.go:54.17,56.4 1 1
github.com/ultravioletrs/cocos/pkg/clients/grpc/log/client.go:59.3,59.29 1 1
github.com/ultravioletrs/cocos/pkg/clients/grpc/log/client.go:59.29,63.4 2 1
github.com/ultravioletrs/cocos/pkg/clients/grpc/log/client.go:67.2,70.12 4 1
github.com/ultravioletrs/cocos/pkg/clients/grpc/log/client.go:73.78,74.28 1 1
github.com/ultravioletrs/cocos/pkg/clients/grpc/log/client.go:74.28,76.3 1 1
github.com/ultravioletrs/cocos/pkg/clients/grpc/log/client.go:79.2,80.52 2 1
github.com/ultravioletrs/cocos/pkg/clients/grpc/log/client.go:80.52,85.17 4 1
github.com/ultravioletrs/cocos/pkg/clients/grpc/log/client.go:85.17,87.4 1 1
github.com/ultravioletrs/cocos/pkg/clients/grpc/log/client.go:90.3,90.29 1 0
github.com/ultravioletrs/cocos/pkg/clients/grpc/log/client.go:90.29,94.4 2 0
github.com/ultravioletrs/cocos/pkg/clients/grpc/log/client.go:98.2,101.12 4 0
github.com/ultravioletrs/cocos/pkg/clients/grpc/attestation/client.go:28.51,30.16 2 1
github.com/ultravioletrs/cocos/pkg/clients/grpc/attestation/client.go:30.16,32.3 1 0
github.com/ultravioletrs/cocos/pkg/clients/grpc/attestation/client.go:34.2,37.8 1 1
github.com/ultravioletrs/cocos/pkg/clients/grpc/attestation/client.go:40.32,42.2 1 1
github.com/ultravioletrs/cocos/pkg/clients/grpc/attestation/client.go:44.141,49.17 4 1
github.com/ultravioletrs/cocos/pkg/clients/grpc/attestation/client.go:50.23,51.63 1 1
github.com/ultravioletrs/cocos/pkg/clients/grpc/attestation/client.go:52.23,53.63 1 1
github.com/ultravioletrs/cocos/pkg/clients/grpc/attestation/client.go:54.24,55.64 1 1
github.com/ultravioletrs/cocos/pkg/clients/grpc/attestation/client.go:56.27,57.68 1 1
github.com/ultravioletrs/cocos/pkg/clients/grpc/attestation/client.go:58.10,59.71 1 1
github.com/ultravioletrs/cocos/pkg/clients/grpc/attestation/client.go:63.2,73.16 4 1
github.com/ultravioletrs/cocos/pkg/clients/grpc/attestation/client.go:73.16,75.3 1 1
github.com/ultravioletrs/cocos/pkg/clients/grpc/attestation/client.go:77.2,77.27 1 1
github.com/ultravioletrs/cocos/pkg/clients/grpc/attestation/client.go:81.141,86.17 4 1
github.com/ultravioletrs/cocos/pkg/clients/grpc/attestation/client.go:87.23,88.63 1 1
github.com/ultravioletrs/cocos/pkg/clients/grpc/attestation/client.go:89.23,90.63 1 1
github.com/ultravioletrs/cocos/pkg/clients/grpc/attestation/client.go:91.24,92.64 1 1
github.com/ultravioletrs/cocos/pkg/clients/grpc/attestation/client.go:93.27,94.68 1 1
github.com/ultravioletrs/cocos/pkg/clients/grpc/attestation/client.go:95.10,96.71 1 1
github.com/ultravioletrs/cocos/pkg/clients/grpc/attestation/client.go:99.2,109.16 4 1
github.com/ultravioletrs/cocos/pkg/clients/grpc/attestation/client.go:109.16,111.3 1 0
github.com/ultravioletrs/cocos/pkg/clients/grpc/attestation/client.go:113.2,113.27 1 1
github.com/ultravioletrs/cocos/pkg/clients/grpc/attestation/client.go:116.85,125.16 5 1
github.com/ultravioletrs/cocos/pkg/clients/grpc/attestation/client.go:125.16,127.3 1 0
github.com/ultravioletrs/cocos/pkg/clients/grpc/attestation/client.go:129.2,129.24 1 1
github.com/ultravioletrs/cocos/pkg/attestation/gcp/gcp.go:31.80,32.24 1 1
github.com/ultravioletrs/cocos/pkg/attestation/gcp/gcp.go:32.24,34.3 1 1
github.com/ultravioletrs/cocos/pkg/attestation/gcp/gcp.go:36.2,37.16 2 1
github.com/ultravioletrs/cocos/pkg/attestation/gcp/gcp.go:37.16,39.3 1 1
github.com/ultravioletrs/cocos/pkg/attestation/gcp/gcp.go:41.2,41.56 1 0
github.com/ultravioletrs/cocos/pkg/attestation/gcp/gcp.go:41.56,43.3 1 0
github.com/ultravioletrs/cocos/pkg/attestation/gcp/gcp.go:45.2,46.44 2 0
github.com/ultravioletrs/cocos/pkg/attestation/gcp/gcp.go:49.113,51.16 2 1
github.com/ultravioletrs/cocos/pkg/attestation/gcp/gcp.go:51.16,53.3 1 0
github.com/ultravioletrs/cocos/pkg/attestation/gcp/gcp.go:55.2,56.16 2 1
github.com/ultravioletrs/cocos/pkg/attestation/gcp/gcp.go:56.16,58.3 1 1
github.com/ultravioletrs/cocos/pkg/attestation/gcp/gcp.go:60.2,63.16 3 0
github.com/ultravioletrs/cocos/pkg/attestation/gcp/gcp.go:63.16,65.3 1 0
github.com/ultravioletrs/cocos/pkg/attestation/gcp/gcp.go:67.2,68.76 2 0
github.com/ultravioletrs/cocos/pkg/attestation/gcp/gcp.go:68.76,70.3 1 0
github.com/ultravioletrs/cocos/pkg/attestation/gcp/gcp.go:72.2,73.89 2 0
github.com/ultravioletrs/cocos/pkg/attestation/gcp/gcp.go:73.89,75.3 1 0
github.com/ultravioletrs/cocos/pkg/attestation/gcp/gcp.go:77.2,77.25 1 0
github.com/ultravioletrs/cocos/pkg/attestation/gcp/gcp.go:80.123,90.2 8 1
github.com/ultravioletrs/cocos/pkg/attestation/gcp/gcp.go:92.75,94.16 2 1
github.com/ultravioletrs/cocos/pkg/attestation/gcp/gcp.go:94.16,96.3 1 0
github.com/ultravioletrs/cocos/pkg/attestation/gcp/gcp.go:98.2,99.16 2 1
github.com/ultravioletrs/cocos/pkg/attestation/gcp/gcp.go:99.16,101.3 1 1
github.com/ultravioletrs/cocos/pkg/attestation/gcp/gcp.go:103.2,106.16 3 1
github.com/ultravioletrs/cocos/pkg/attestation/gcp/gcp.go:106.16,108.3 1 0
github.com/ultravioletrs/cocos/pkg/attestation/gcp/gcp.go:110.2,110.18 1 1
github.com/ultravioletrs/cocos/pkg/attestation/vtpm/dummy.go:8.48,11.19 2 0
github.com/ultravioletrs/cocos/pkg/attestation/vtpm/dummy.go:11.19,13.3 1 0
github.com/ultravioletrs/cocos/pkg/attestation/vtpm/dummy.go:14.2,14.15 1 0
github.com/ultravioletrs/cocos/pkg/attestation/vtpm/dummy.go:18.49,21.2 1 0
github.com/ultravioletrs/cocos/pkg/attestation/vtpm/dummy.go:23.34,25.2 1 0
github.com/ultravioletrs/cocos/pkg/attestation/vtpm/sev.go:51.87,55.18 3 1
github.com/ultravioletrs/cocos/pkg/attestation/vtpm/sev.go:55.18,58.3 2 1
github.com/ultravioletrs/cocos/pkg/attestation/vtpm/sev.go:59.2,59.66 1 1
github.com/ultravioletrs/cocos/pkg/attestation/vtpm/sev.go:59.66,61.17 2 1
github.com/ultravioletrs/cocos/pkg/attestation/vtpm/sev.go:61.17,63.4 1 0
github.com/ultravioletrs/cocos/pkg/attestation/vtpm/sev.go:65.3,66.48 2 1
github.com/ultravioletrs/cocos/pkg/attestation/vtpm/sev.go:66.48,68.63 2 0
github.com/ultravioletrs/cocos/pkg/attestation/vtpm/sev.go:68.63,70.5 1 0
github.com/ultravioletrs/cocos/pkg/attestation/vtpm/sev.go:72.4,73.53 2 0
github.com/ultravioletrs/cocos/pkg/attestation/vtpm/sev.go:77.2,77.12 1 1
github.com/ultravioletrs/cocos/pkg/attestation/vtpm/sev.go:81.79,83.16 2 1
github.com/ultravioletrs/cocos/pkg/attestation/vtpm/sev.go:83.16,85.3 1 0
github.com/ultravioletrs/cocos/pkg/attestation/vtpm/sev.go:87.2,87.31 1 1
github.com/ultravioletrs/cocos/pkg/attestation/vtpm/sev.go:87.31,89.59 2 1
github.com/ultravioletrs/cocos/pkg/attestation/vtpm/sev.go:89.59,91.4 1 1
github.com/ultravioletrs/cocos/pkg/attestation/vtpm/sev.go:93.3,95.4 1 0
github.com/ultravioletrs/cocos/pkg/attestation/vtpm/sev.go:96.8,98.3 1 1
github.com/ultravioletrs/cocos/pkg/attestation/vtpm/sev.go:100.2,106.67 2 1
github.com/ultravioletrs/cocos/pkg/attestation/vtpm/sev.go:106.67,108.3 1 0
github.com/ultravioletrs/cocos/pkg/attestation/vtpm/sev.go:110.2,110.68 1 1
github.com/ultravioletrs/cocos/pkg/attestation/vtpm/sev.go:110.68,112.3 1 1
github.com/ultravioletrs/cocos/pkg/attestation/vtpm/sev.go:114.2,114.12 1 1
github.com/ultravioletrs/cocos/pkg/attestation/vtpm/sev.go:118.81,120.16 2 1
github.com/ultravioletrs/cocos/pkg/attestation/vtpm/sev.go:120.16,122.3 1 0
github.com/ultravioletrs/cocos/pkg/attestation/vtpm/sev.go:124.2,124.68 1 1
github.com/ultravioletrs/cocos/pkg/attestation/vtpm/sev.go:124.68,126.3 1 0
github.com/ultravioletrs/cocos/pkg/attestation/vtpm/sev.go:128.2,128.12 1 1
github.com/ultravioletrs/cocos/pkg/attestation/vtpm/sev.go:132.69,134.2 1 1
github.com/ultravioletrs/cocos/pkg/attestation/vtpm/sev.go:137.124,144.26 3 1
github.com/ultravioletrs/cocos/pkg/attestation/vtpm/sev.go:144.26,146.3 1 1
github.com/ultravioletrs/cocos/pkg/attestation/vtpm/sev.go:148.2,148.52 1 1
github.com/ultravioletrs/cocos/pkg/attestation/vtpm/sev.go:152.87,155.57 2 1
github.com/ultravioletrs/cocos/pkg/attestation/vtpm/sev.go:155.57,157.3 1 1
github.com/ultravioletrs/cocos/pkg/attestation/vtpm/sev.go:159.2,159.59 1 1
github.com/ultravioletrs/cocos/pkg/attestation/vtpm/sev.go:159.59,161.3 1 0
github.com/ultravioletrs/cocos/pkg/attestation/vtpm/sev.go:163.2,163.12 1 1
github.com/ultravioletrs/cocos/pkg/attestation/vtpm/sev.go:167.77,171.16 3 1
github.com/ultravioletrs/cocos/pkg/attestation/vtpm/sev.go:171.16,173.3 1 1
github.com/ultravioletrs/cocos/pkg/attestation/vtpm/sev.go:175.2,175.32 1 0
github.com/ultravioletrs/cocos/pkg/attestation/vtpm/sev.go:175.32,177.3 1 0
github.com/ultravioletrs/cocos/pkg/attestation/vtpm/sev.go:178.2,181.16 3 0
github.com/ultravioletrs/cocos/pkg/attestation/vtpm/sev.go:181.16,183.3 1 0
github.com/ultravioletrs/cocos/pkg/attestation/vtpm/sev.go:185.2,190.16 5 0
github.com/ultravioletrs/cocos/pkg/attestation/vtpm/sev.go:190.16,192.3 1 0
github.com/ultravioletrs/cocos/pkg/attestation/vtpm/sev.go:194.2,195.16 2 0
github.com/ultravioletrs/cocos/pkg/attestation/vtpm/sev.go:195.16,197.3 1 0
github.com/ultravioletrs/cocos/pkg/attestation/vtpm/sev.go:199.2,208.16 8 0
github.com/ultravioletrs/cocos/pkg/attestation/vtpm/sev.go:208.16,210.3 1 0
github.com/ultravioletrs/cocos/pkg/attestation/vtpm/sev.go:212.2,212.20 1 0
github.com/ultravioletrs/cocos/pkg/attestation/vtpm/sev.go:216.73,217.17 1 1
github.com/ultravioletrs/cocos/pkg/attestation/vtpm/sev.go:218.26,219.45 1 0
github.com/ultravioletrs/cocos/pkg/attestation/vtpm/sev.go:220.26,221.45 1 0
github.com/ultravioletrs/cocos/pkg/attestation/vtpm/sev.go:222.10,223.47 1 1
github.com/ultravioletrs/cocos/pkg/attestation/vtpm/sev.go:228.34,230.54 1 0
github.com/ultravioletrs/cocos/pkg/attestation/vtpm/sev.go:230.54,233.3 1 0
github.com/ultravioletrs/cocos/pkg/attestation/vtpm/sev.go:234.2,234.72 1 0
github.com/ultravioletrs/cocos/pkg/attestation/vtpm/sev.go:238.44,242.16 3 0
github.com/ultravioletrs/cocos/pkg/attestation/vtpm/sev.go:242.16,244.3 1 0
github.com/ultravioletrs/cocos/pkg/attestation/vtpm/sev.go:246.2,246.32 1 0
github.com/ultravioletrs/cocos/pkg/attestation/vtpm/sev.go:246.32,248.3 1 0
github.com/ultravioletrs/cocos/pkg/attestation/vtpm/sev.go:250.2,251.16 2 0
github.com/ultravioletrs/cocos/pkg/attestation/vtpm/sev.go:251.16,253.3 1 0
github.com/ultravioletrs/cocos/pkg/attestation/vtpm/sev.go:255.2,256.16 2 0
github.com/ultravioletrs/cocos/pkg/attestation/vtpm/sev.go:256.16,258.3 1 0
github.com/ultravioletrs/cocos/pkg/attestation/vtpm/sev.go:260.2,270.16 3 0
github.com/ultravioletrs/cocos/pkg/attestation/vtpm/sev.go:270.16,272.3 1 0
github.com/ultravioletrs/cocos/pkg/attestation/vtpm/sev.go:274.2,287.16 10 0
github.com/ultravioletrs/cocos/pkg/attestation/vtpm/sev.go:287.16,289.3 1 0
github.com/ultravioletrs/cocos/pkg/attestation/vtpm/sev.go:290.2,292.16 3 0
github.com/ultravioletrs/cocos/pkg/attestation/vtpm/sev.go:292.16,294.3 1 0
github.com/ultravioletrs/cocos/pkg/attestation/vtpm/sev.go:296.2,297.16 2 0
github.com/ultravioletrs/cocos/pkg/attestation/vtpm/sev.go:297.16,299.3 1 0
github.com/ultravioletrs/cocos/pkg/attestation/vtpm/sev.go:301.2,302.16 2 0
github.com/ultravioletrs/cocos/pkg/attestation/vtpm/sev.go:302.16,304.3 1 0
github.com/ultravioletrs/cocos/pkg/attestation/vtpm/sev.go:306.2,306.12 1 0
github.com/ultravioletrs/cocos/pkg/attestation/vtpm/vtpm.go:65.42,67.2 1 1
github.com/ultravioletrs/cocos/pkg/attestation/vtpm/vtpm.go:69.44,70.24 1 1
github.com/ultravioletrs/cocos/pkg/attestation/vtpm/vtpm.go:70.24,72.3 1 1
github.com/ultravioletrs/cocos/pkg/attestation/vtpm/vtpm.go:74.2,78.24 4 1
github.com/ultravioletrs/cocos/pkg/attestation/vtpm/vtpm.go:78.24,80.3 1 0
github.com/ultravioletrs/cocos/pkg/attestation/vtpm/vtpm.go:82.2,82.16 1 1
github.com/ultravioletrs/cocos/pkg/attestation/vtpm/vtpm.go:85.50,87.16 2 0
github.com/ultravioletrs/cocos/pkg/attestation/vtpm/vtpm.go:87.16,89.3 1 0
github.com/ultravioletrs/cocos/pkg/attestation/vtpm/vtpm.go:90.2,93.110 3 0
github.com/ultravioletrs/cocos/pkg/attestation/vtpm/vtpm.go:93.110,95.3 1 0
github.com/ultravioletrs/cocos/pkg/attestation/vtpm/vtpm.go:97.2,98.110 2 0
github.com/ultravioletrs/cocos/pkg/attestation/vtpm/vtpm.go:98.110,100.3 1 0
github.com/ultravioletrs/cocos/pkg/attestation/vtpm/vtpm.go:102.2,102.12 1 0
github.com/ultravioletrs/cocos/pkg/attestation/vtpm/vtpm.go:110.71,115.2 1 1
github.com/ultravioletrs/cocos/pkg/attestation/vtpm/vtpm.go:117.82,119.2 1 0
github.com/ultravioletrs/cocos/pkg/attestation/vtpm/vtpm.go:121.67,123.2 1 1
github.com/ultravioletrs/cocos/pkg/attestation/vtpm/vtpm.go:125.69,127.16 2 1
github.com/ultravioletrs/cocos/pkg/attestation/vtpm/vtpm.go:127.16,129.3 1 1
github.com/ultravioletrs/cocos/pkg/attestation/vtpm/vtpm.go:131.2,131.29 1 0
github.com/ultravioletrs/cocos/pkg/attestation/vtpm/vtpm.go:134.76,136.2 1 1
github.com/ultravioletrs/cocos/pkg/attestation/vtpm/vtpm.go:143.57,153.2 2 1
github.com/ultravioletrs/cocos/pkg/attestation/vtpm/vtpm.go:155.110,156.19 1 1
github.com/ultravioletrs/cocos/pkg/attestation/vtpm/vtpm.go:156.19,158.3 1 1
github.com/ultravioletrs/cocos/pkg/attestation/vtpm/vtpm.go:160.2,163.3 1 1
github.com/ultravioletrs/cocos/pkg/attestation/vtpm/vtpm.go:166.77,168.16 2 0
github.com/ultravioletrs/cocos/pkg/attestation/vtpm/vtpm.go:168.16,170.3 1 0
github.com/ultravioletrs/cocos/pkg/attestation/vtpm/vtpm.go:172.2,173.78 2 0
github.com/ultravioletrs/cocos/pkg/attestation/vtpm/vtpm.go:176.79,178.2 1 0
github.com/ultravioletrs/cocos/pkg/attestation/vtpm/vtpm.go:180.93,182.2 1 0
github.com/ultravioletrs/cocos/pkg/attestation/vtpm/vtpm.go:184.52,186.2 1 0
github.com/ultravioletrs/cocos/pkg/attestation/vtpm/vtpm.go:189.88,192.16 2 1
github.com/ultravioletrs/cocos/pkg/attestation/vtpm/vtpm.go:192.16,194.3 1 1
github.com/ultravioletrs/cocos/pkg/attestation/vtpm/vtpm.go:197.2,197.67 1 0
github.com/ultravioletrs/cocos/pkg/attestation/vtpm/vtpm.go:200.95,202.16 2 0
github.com/ultravioletrs/cocos/pkg/attestation/vtpm/vtpm.go:202.16,204.3 1 0
github.com/ultravioletrs/cocos/pkg/attestation/vtpm/vtpm.go:206.2,206.19 1 0
github.com/ultravioletrs/cocos/pkg/attestation/vtpm/vtpm.go:206.19,208.17 2 0
github.com/ultravioletrs/cocos/pkg/attestation/vtpm/vtpm.go:208.17,210.4 1 0
github.com/ultravioletrs/cocos/pkg/attestation/vtpm/vtpm.go:213.2,213.34 1 0
github.com/ultravioletrs/cocos/pkg/attestation/vtpm/vtpm.go:216.118,217.70 1 1
github.com/ultravioletrs/cocos/pkg/attestation/vtpm/vtpm.go:217.70,219.3 1 1
github.com/ultravioletrs/cocos/pkg/attestation/vtpm/vtpm.go:221.2,224.16 3 0
github.com/ultravioletrs/cocos/pkg/attestation/vtpm/vtpm.go:224.16,226.3 1 0
github.com/ultravioletrs/cocos/pkg/attestation/vtpm/vtpm.go:228.2,236.113 6 0
github.com/ultravioletrs/cocos/pkg/attestation/vtpm/vtpm.go:236.113,238.3 1 0
github.com/ultravioletrs/cocos/pkg/attestation/vtpm/vtpm.go:240.2,240.12 1 0
github.com/ultravioletrs/cocos/pkg/attestation/vtpm/vtpm.go:243.102,247.16 3 1
github.com/ultravioletrs/cocos/pkg/attestation/vtpm/vtpm.go:247.16,249.3 1 1
github.com/ultravioletrs/cocos/pkg/attestation/vtpm/vtpm.go:251.2,253.16 3 1
github.com/ultravioletrs/cocos/pkg/attestation/vtpm/vtpm.go:253.16,255.3 1 1
github.com/ultravioletrs/cocos/pkg/attestation/vtpm/vtpm.go:257.2,258.16 2 0
github.com/ultravioletrs/cocos/pkg/attestation/vtpm/vtpm.go:258.16,260.3 1 0
github.com/ultravioletrs/cocos/pkg/attestation/vtpm/vtpm.go:262.2,265.16 3 0
github.com/ultravioletrs/cocos/pkg/attestation/vtpm/vtpm.go:265.16,267.3 1 0
github.com/ultravioletrs/cocos/pkg/attestation/vtpm/vtpm.go:269.2,269.68 1 0
github.com/ultravioletrs/cocos/pkg/attestation/vtpm/vtpm.go:269.68,271.3 1 0
github.com/ultravioletrs/cocos/pkg/attestation/vtpm/vtpm.go:273.2,273.19 1 0
github.com/ultravioletrs/cocos/pkg/attestation/vtpm/vtpm.go:273.19,277.17 3 0
github.com/ultravioletrs/cocos/pkg/attestation/vtpm/vtpm.go:277.17,279.4 1 0
github.com/ultravioletrs/cocos/pkg/attestation/vtpm/vtpm.go:281.3,281.46 1 0
github.com/ultravioletrs/cocos/pkg/attestation/vtpm/vtpm.go:281.46,283.4 1 0
github.com/ultravioletrs/cocos/pkg/attestation/vtpm/vtpm.go:286.2,286.12 1 0
github.com/ultravioletrs/cocos/pkg/attestation/vtpm/vtpm.go:289.68,291.16 2 1
github.com/ultravioletrs/cocos/pkg/attestation/vtpm/vtpm.go:291.16,293.3 1 0
github.com/ultravioletrs/cocos/pkg/attestation/vtpm/vtpm.go:295.2,295.17 1 1
github.com/ultravioletrs/cocos/pkg/attestation/vtpm/vtpm.go:298.60,300.16 2 1
github.com/ultravioletrs/cocos/pkg/attestation/vtpm/vtpm.go:300.16,302.3 1 0
github.com/ultravioletrs/cocos/pkg/attestation/vtpm/vtpm.go:303.2,306.16 3 1
github.com/ultravioletrs/cocos/pkg/attestation/vtpm/vtpm.go:306.16,308.3 1 1
github.com/ultravioletrs/cocos/pkg/attestation/vtpm/vtpm.go:309.2,317.16 7 0
github.com/ultravioletrs/cocos/pkg/attestation/vtpm/vtpm.go:317.16,319.3 1 0
github.com/ultravioletrs/cocos/pkg/attestation/vtpm/vtpm.go:321.2,322.16 2 0
github.com/ultravioletrs/cocos/pkg/attestation/vtpm/vtpm.go:322.16,324.3 1 0
github.com/ultravioletrs/cocos/pkg/attestation/vtpm/vtpm.go:326.2,326.25 1 0
github.com/ultravioletrs/cocos/pkg/attestation/vtpm/vtpm.go:329.88,339.16 7 0
github.com/ultravioletrs/cocos/pkg/attestation/vtpm/vtpm.go:339.16,341.3 1 0
github.com/ultravioletrs/cocos/pkg/attestation/vtpm/vtpm.go:343.2,345.16 3 0
github.com/ultravioletrs/cocos/pkg/attestation/vtpm/vtpm.go:345.16,347.3 1 0
github.com/ultravioletrs/cocos/pkg/attestation/vtpm/vtpm.go:348.2,352.12 2 0
github.com/ultravioletrs/cocos/pkg/attestation/vtpm/vtpm.go:355.93,357.24 2 1
github.com/ultravioletrs/cocos/pkg/attestation/vtpm/vtpm.go:357.24,361.26 3 1
github.com/ultravioletrs/cocos/pkg/attestation/vtpm/vtpm.go:362.29,363.46 1 1
github.com/ultravioletrs/cocos/pkg/attestation/vtpm/vtpm.go:364.29,365.46 1 0
github.com/ultravioletrs/cocos/pkg/attestation/vtpm/vtpm.go:366.27,367.44 1 0
github.com/ultravioletrs/cocos/pkg/attestation/vtpm/vtpm.go:368.11,369.105 1 1
github.com/ultravioletrs/cocos/pkg/attestation/vtpm/vtpm.go:372.3,372.28 1 1
github.com/ultravioletrs/cocos/pkg/attestation/vtpm/vtpm.go:372.28,374.18 2 1
github.com/ultravioletrs/cocos/pkg/attestation/vtpm/vtpm.go:374.18,376.5 1 1
github.com/ultravioletrs/cocos/pkg/attestation/vtpm/vtpm.go:377.4,378.18 2 1
github.com/ultravioletrs/cocos/pkg/attestation/vtpm/vtpm.go:378.18,380.5 1 1
github.com/ultravioletrs/cocos/pkg/attestation/vtpm/vtpm.go:381.4,381.59 1 1
github.com/ultravioletrs/cocos/pkg/attestation/vtpm/vtpm.go:381.59,383.5 1 1
github.com/ultravioletrs/cocos/pkg/attestation/vtpm/vtpm.go:386.2,386.12 1 1
github.com/ultravioletrs/cocos/pkg/attestation/vtpm/vtpm.go:389.71,391.16 2 0
github.com/ultravioletrs/cocos/pkg/attestation/vtpm/vtpm.go:391.16,393.3 1 0
github.com/ultravioletrs/cocos/pkg/attestation/vtpm/vtpm.go:394.2,397.16 3 0
github.com/ultravioletrs/cocos/pkg/attestation/vtpm/vtpm.go:397.16,399.3 1 0
github.com/ultravioletrs/cocos/pkg/attestation/vtpm/vtpm.go:401.2,401.22 1 0
github.com/ultravioletrs/cocos/pkg/attestation/vtpm/vtpm.go:404.49,406.2 1 0
github.com/ultravioletrs/cocos/pkg/attestation/vtpm/vtpm.go:408.51,410.2 1 0
github.com/ultravioletrs/cocos/pkg/attestation/vtpm/vtpm.go:412.51,414.2 1 0
github.com/ultravioletrs/cocos/pkg/attestation/vtpm/vtpm.go:416.88,417.22 1 1
github.com/ultravioletrs/cocos/pkg/attestation/vtpm/vtpm.go:417.22,419.17 2 1
github.com/ultravioletrs/cocos/pkg/attestation/vtpm/vtpm.go:419.17,421.4 1 1
github.com/ultravioletrs/cocos/pkg/attestation/vtpm/vtpm.go:423.3,423.66 1 1
github.com/ultravioletrs/cocos/pkg/attestation/vtpm/vtpm.go:426.2,426.36 1 1
github.com/ultravioletrs/cocos/pkg/attestation/vtpm/vtpm.go:429.96,432.96 2 1
github.com/ultravioletrs/cocos/pkg/attestation/vtpm/vtpm.go:432.96,434.3 1 1
github.com/ultravioletrs/cocos/pkg/attestation/vtpm/vtpm.go:436.2,436.87 1 1
github.com/ultravioletrs/cocos/pkg/attestation/vtpm/vtpm.go:436.87,438.3 1 0
github.com/ultravioletrs/cocos/pkg/attestation/vtpm/vtpm.go:440.2,440.12 1 1
github.com/ultravioletrs/cocos/pkg/attestation/vtpm/vtpm.go:443.88,445.16 2 1
github.com/ultravioletrs/cocos/pkg/attestation/vtpm/vtpm.go:445.16,447.3 1 0
github.com/ultravioletrs/cocos/pkg/attestation/vtpm/vtpm.go:449.2,450.55 2 1
github.com/ultravioletrs/cocos/pkg/attestation/vtpm/vtpm.go:450.55,452.3 1 0
github.com/ultravioletrs/cocos/pkg/attestation/vtpm/vtpm.go:454.2,455.16 2 1
github.com/ultravioletrs/cocos/pkg/attestation/vtpm/vtpm.go:455.16,457.3 1 0
github.com/ultravioletrs/cocos/pkg/attestation/vtpm/vtpm.go:459.2,460.57 2 1
github.com/ultravioletrs/cocos/pkg/attestation/vtpm/vtpm.go:460.57,462.3 1 0
github.com/ultravioletrs/cocos/pkg/attestation/vtpm/vtpm.go:464.2,464.27 1 1
github.com/ultravioletrs/cocos/pkg/attestation/vtpm/vtpm.go:464.27,466.3 1 1
github.com/ultravioletrs/cocos/pkg/attestation/vtpm/vtpm.go:468.2,468.44 1 1
